2019-02-28 11:08:30,135 - BrowserEngine - INFO - 你选择了Chrome浏览器
2019-02-28 11:08:30,135 - BrowserEngine - INFO - 测试URL是:http://127.0.0.1/forum.php
2019-02-28 11:08:32,795 - BrowserEngine - INFO - 启动谷歌浏览器
2019-02-28 11:08:35,149 - BrowserEngine - INFO - 打开：http://127.0.0.1/forum.php
2019-02-28 11:08:36,270 - BrowserEngine - INFO - 窗口最大化
2019-02-28 11:08:36,271 - BrowserEngine - INFO - 等待10秒
2019-02-28 11:08:36,408 - BasePage - INFO - 输入内容：admin成功
2019-02-28 11:08:36,519 - BasePage - INFO - 输入内容：123456成功
2019-02-28 11:08:36,614 - BasePage - INFO - 点击成功
2019-02-28 11:08:39,995 - BasePage - INFO - 点击成功
2019-02-28 11:08:40,237 - BasePage - INFO - 输入内容：第一次发帖成功
2019-02-28 11:08:40,435 - BasePage - INFO - 输入内容：好激动ssssssssssssssssss成功
2019-02-28 11:08:41,676 - BasePage - INFO - 点击成功
2019-02-28 11:08:41,857 - BasePage - INFO - 输入内容：你好666啊成功
2019-02-28 11:08:42,367 - BasePage - INFO - 点击成功
2019-02-28 11:08:42,754 - BasePage - INFO - get_windows_img
2019-02-28 11:08:42,755 - BrowserEngine - INFO - 你选择了Chrome浏览器
2019-02-28 11:08:42,755 - BrowserEngine - INFO - 测试URL是:http://127.0.0.1/forum.php
2019-02-28 11:08:48,658 - BrowserEngine - INFO - 启动谷歌浏览器
2019-02-28 11:08:49,773 - BrowserEngine - INFO - 打开：http://127.0.0.1/forum.php
2019-02-28 11:08:50,903 - BrowserEngine - INFO - 窗口最大化
2019-02-28 11:08:50,904 - BrowserEngine - INFO - 等待10秒
2019-02-28 11:08:51,066 - BasePage - INFO - 输入内容：admin成功
2019-02-28 11:08:51,186 - BasePage - INFO - 输入内容：123456成功
2019-02-28 11:08:51,286 - BasePage - INFO - 点击成功
2019-02-28 11:08:54,683 - BasePage - INFO - 点击成功
2019-02-28 11:08:56,788 - BasePage - INFO - 点击成功
2019-02-28 11:08:59,713 - BasePage - INFO - 点击成功
2019-02-28 11:09:02,496 - BasePage - INFO - 点击成功
2019-02-28 11:09:03,677 - BasePage - INFO - 点击成功
2019-02-28 11:09:04,840 - BasePage - INFO - 输入内容：123456成功
2019-02-28 11:10:29,424 - BasePage - INFO - 点击成功
2019-02-28 11:10:29,783 - BasePage - INFO - 点击成功
2019-02-28 11:10:32,079 - BasePage - INFO - 点击成功
2019-02-28 11:10:34,163 - BasePage - INFO - 清除成功
2019-02-28 11:10:34,334 - BasePage - INFO - 输入内容：喜刷刷成功
2019-02-28 11:10:34,744 - BasePage - INFO - 点击成功
2019-02-28 11:10:39,785 - BasePage - INFO - 关闭页面
2019-02-28 11:10:40,243 - BasePage - INFO - 点击成功
2019-02-28 11:10:45,420 - BasePage - INFO - 输入内容：1793141568成功
2019-02-28 11:10:45,569 - BasePage - INFO - 输入内容：zrt++19980928成功
2019-02-28 11:10:45,665 - BasePage - INFO - 点击成功
2019-02-28 11:10:49,017 - BasePage - INFO - 点击成功
2019-02-28 11:10:49,361 - BasePage - INFO - 点击成功
2019-02-28 11:10:49,509 - BasePage - INFO - 输入内容：用户贴成功
2019-02-28 11:10:49,717 - BasePage - INFO - 输入内容：老魔王闲来无事来发帖，进来的都是精英成功
2019-02-28 11:10:51,366 - BasePage - INFO - 点击成功
2019-02-28 11:10:51,565 - BasePage - INFO - 输入内容：沙发糖果都是俺的成功
2019-02-28 11:11:11,935 - BasePage - INFO - 点击成功
2019-02-28 11:11:12,103 - BasePage - INFO - 点击成功
2019-02-28 11:11:12,104 - BrowserEngine - INFO - 你选择了Chrome浏览器
2019-02-28 11:11:12,105 - BrowserEngine - INFO - 测试URL是:http://127.0.0.1/forum.php
2019-02-28 11:11:17,066 - BrowserEngine - INFO - 启动谷歌浏览器
2019-02-28 11:11:18,084 - BrowserEngine - INFO - 打开：http://127.0.0.1/forum.php
2019-02-28 11:11:19,215 - BrowserEngine - INFO - 窗口最大化
2019-02-28 11:11:19,216 - BrowserEngine - INFO - 等待10秒
2019-02-28 11:11:19,414 - BasePage - INFO - 输入内容：1793141568成功
2019-02-28 11:11:19,564 - BasePage - INFO - 输入内容：zrt++19980928成功
2019-02-28 11:11:19,670 - BasePage - INFO - 点击成功
2019-02-28 11:11:21,847 - BasePage - INFO - 输入内容：haotest成功
2019-02-28 11:11:21,985 - BasePage - INFO - 点击成功
2019-02-28 11:11:25,165 - BasePage - INFO - 点击成功
2019-02-28 11:11:30,240 - BrowserEngine - INFO - 你选择了Chrome浏览器
2019-02-28 11:11:30,240 - BrowserEngine - INFO - 测试URL是:http://127.0.0.1/forum.php
2019-02-28 11:11:39,605 - BrowserEngine - INFO - 启动谷歌浏览器
2019-02-28 11:11:40,637 - BrowserEngine - INFO - 打开：http://127.0.0.1/forum.php
2019-02-28 11:11:41,758 - BrowserEngine - INFO - 窗口最大化
2019-02-28 11:11:41,762 - BrowserEngine - INFO - 等待10秒
2019-02-28 11:11:41,932 - BasePage - INFO - 输入内容：admin成功
2019-02-28 11:11:42,052 - BasePage - INFO - 输入内容：123456成功
2019-02-28 11:11:42,164 - BasePage - INFO - 点击成功
2019-02-28 11:11:44,583 - BasePage - INFO - 点击成功
2019-02-28 11:11:46,656 - BasePage - INFO - 悬停成功
2019-02-28 11:11:47,364 - BasePage - INFO - 点击成功
2019-02-28 11:11:50,554 - BasePage - INFO - 输入内容：大家的表情成功
2019-02-28 11:11:50,657 - BasePage - INFO - 输入内容：笑成功
2019-02-28 11:11:50,755 - BasePage - INFO - 输入内容：哭成功
2019-02-28 11:11:50,854 - BasePage - INFO - 输入内容：酷成功
2019-02-28 11:11:51,031 - BasePage - INFO - 点击成功
2019-02-28 11:11:54,477 - BasePage - INFO - 点击成功
2019-02-28 11:11:55,349 - BasePage - INFO - 点击成功
