2019-02-27 11:33:09,905 - BasePage - INFO - 你选择了Chrome浏览器
2019-02-27 11:33:09,905 - BasePage - INFO - 你选择了Chrome浏览器
2019-02-27 11:33:09,905 - BasePage - INFO - 测试URL是:http://127.0.0.1/forum.php
2019-02-27 11:33:09,905 - BasePage - INFO - 测试URL是:http://127.0.0.1/forum.php
2019-02-27 11:33:12,356 - BasePage - INFO - 启动谷歌浏览器
2019-02-27 11:33:12,356 - BasePage - INFO - 启动谷歌浏览器
2019-02-27 11:33:14,789 - BasePage - INFO - 打开：http://127.0.0.1/forum.php
2019-02-27 11:33:14,789 - BasePage - INFO - 打开：http://127.0.0.1/forum.php
2019-02-27 11:33:15,913 - BasePage - INFO - 窗口最大化
2019-02-27 11:33:15,913 - BasePage - INFO - 窗口最大化
2019-02-27 11:33:15,914 - BasePage - INFO - 等待10秒
2019-02-27 11:33:15,914 - BasePage - INFO - 等待10秒
2019-02-27 11:33:16,272 - BasePage - INFO - 输入内容：admin成功
2019-02-27 11:33:16,272 - BasePage - INFO - 输入内容：admin成功
2019-02-27 11:33:16,361 - BasePage - INFO - 输入内容：123456成功
2019-02-27 11:33:16,361 - BasePage - INFO - 输入内容：123456成功
2019-02-27 11:33:16,446 - BasePage - INFO - 点击成功
2019-02-27 11:33:16,446 - BasePage - INFO - 点击成功
2019-02-27 11:33:19,889 - BasePage - INFO - 点击成功
2019-02-27 11:33:19,889 - BasePage - INFO - 点击成功
2019-02-27 11:33:20,003 - BasePage - INFO - 输入内容：第一次发帖成功
2019-02-27 11:33:20,003 - BasePage - INFO - 输入内容：第一次发帖成功
2019-02-27 11:33:20,163 - BasePage - INFO - 输入内容：好激动ssssssssssssssssss成功
2019-02-27 11:33:20,163 - BasePage - INFO - 输入内容：好激动ssssssssssssssssss成功
2019-02-27 11:33:21,364 - BasePage - INFO - 点击成功
2019-02-27 11:33:21,364 - BasePage - INFO - 点击成功
2019-02-27 11:33:21,509 - BasePage - INFO - 输入内容：你好666啊成功
2019-02-27 11:33:21,509 - BasePage - INFO - 输入内容：你好666啊成功
2019-02-27 11:33:21,779 - BasePage - INFO - 点击成功
2019-02-27 11:33:21,779 - BasePage - INFO - 点击成功
