2019-03-03 10:55:33,511 - BrowserEngine - INFO - 你选择了Chrome浏览器
2019-03-03 10:55:33,511 - BrowserEngine - INFO - 测试URL是:http://127.0.0.1/forum.php
2019-03-03 10:55:36,206 - BrowserEngine - INFO - 启动谷歌浏览器
2019-03-03 10:55:39,243 - BrowserEngine - INFO - 打开：http://127.0.0.1/forum.php
2019-03-03 10:55:40,379 - BrowserEngine - INFO - 窗口最大化
2019-03-03 10:55:40,381 - BrowserEngine - INFO - 等待10秒
2019-03-03 10:55:40,552 - BasePage - INFO - 输入内容：admin成功
2019-03-03 10:55:40,672 - BasePage - INFO - 输入内容：123456成功
2019-03-03 10:55:40,781 - BasePage - INFO - 点击成功
2019-03-03 10:55:44,235 - BasePage - INFO - 点击成功
2019-03-03 10:55:46,345 - BasePage - INFO - 点击成功
2019-03-03 10:55:48,839 - BasePage - INFO - 点击成功
2019-03-03 10:55:51,389 - BasePage - INFO - 点击成功
2019-03-03 10:55:52,541 - BasePage - INFO - 点击成功
2019-03-03 10:55:53,724 - BasePage - INFO - 输入内容：123456成功
2019-03-03 10:56:16,392 - BasePage - INFO - 点击成功
2019-03-03 10:56:16,701 - BasePage - INFO - 点击成功
2019-03-03 10:56:18,954 - BasePage - INFO - 点击成功
2019-03-03 10:56:21,041 - BasePage - INFO - 清除成功
2019-03-03 10:56:21,165 - BasePage - INFO - 输入内容：喜刷刷成功
2019-03-03 10:56:21,483 - BasePage - INFO - 点击成功
2019-03-03 10:56:26,512 - BasePage - INFO - 关闭页面
2019-03-03 10:56:26,862 - BasePage - INFO - 点击成功
2019-03-03 10:56:32,057 - BasePage - INFO - 输入内容：1793141568成功
2019-03-03 10:56:32,194 - BasePage - INFO - 输入内容：zrt++19980928成功
2019-03-03 10:56:32,296 - BasePage - INFO - 点击成功
2019-03-03 10:56:35,580 - BasePage - INFO - 点击成功
2019-03-03 10:56:36,026 - BasePage - INFO - 点击成功
2019-03-03 10:56:36,156 - BasePage - INFO - 输入内容：用户贴成功
2019-03-03 10:56:36,333 - BasePage - INFO - 输入内容：老魔王闲来无事来发帖，进来的都是精英成功
2019-03-03 10:56:37,606 - BasePage - INFO - 点击成功
2019-03-03 10:56:37,801 - BasePage - INFO - 输入内容：沙发糖果都是俺的成功
2019-03-03 10:56:58,136 - BasePage - INFO - 点击成功
2019-03-03 10:56:58,335 - BasePage - INFO - 点击成功
