2019-02-27 16:36:09,085 - BrowserEngine - INFO - 你选择了Chrome浏览器
2019-02-27 16:36:09,085 - BrowserEngine - INFO - 测试URL是:http://127.0.0.1/forum.php
2019-02-27 16:36:11,670 - BrowserEngine - INFO - 启动谷歌浏览器
2019-02-27 16:36:13,802 - BrowserEngine - INFO - 打开：http://127.0.0.1/forum.php
2019-02-27 16:36:14,921 - BrowserEngine - INFO - 窗口最大化
2019-02-27 16:36:14,922 - BrowserEngine - INFO - 等待10秒
2019-02-27 16:36:15,049 - BasePage - INFO - 输入内容：admin成功
2019-02-27 16:36:15,148 - BasePage - INFO - 输入内容：123456成功
2019-02-27 16:36:15,238 - BasePage - INFO - 点击成功
2019-02-27 16:36:18,615 - BasePage - INFO - 点击成功
2019-02-27 16:36:20,710 - BasePage - INFO - 点击成功
2019-02-27 16:36:23,042 - BasePage - INFO - 点击成功
2019-02-27 16:36:25,551 - BasePage - INFO - 点击成功
2019-02-27 16:36:26,703 - BasePage - INFO - 点击成功
2019-02-27 16:36:38,234 - BasePage - ERROR - <pageobjects.forum2_homepage.HomePage object at 0x0000014E5F9B05C0>页面中没有找到('name', 'admin_password')元素
2019-02-27 16:36:38,234 - BasePage - ERROR - 输入异常--'NoneType' object has no attribute 'send_keys'
2019-02-27 16:36:38,564 - BasePage - INFO - get_windows_img
2019-02-27 16:36:49,078 - BasePage - ERROR - <pageobjects.forum2_homepage.HomePage object at 0x0000014E5F9B05C0>页面中没有找到('name', 'submit')元素
2019-02-27 16:36:49,078 - BasePage - ERROR - 点击异常--'NoneType' object has no attribute 'click'
2019-02-27 16:36:49,354 - BasePage - INFO - 点击成功
2019-02-27 16:36:51,568 - BasePage - INFO - 点击成功
2019-02-27 16:36:53,637 - BasePage - INFO - 清除成功
2019-02-27 16:36:53,733 - BasePage - INFO - 输入内容：喜刷刷成功
2019-02-27 16:36:54,011 - BasePage - INFO - 点击成功
2019-02-27 16:36:59,033 - BasePage - INFO - 关闭页面
2019-02-27 16:36:59,352 - BasePage - INFO - 点击成功
2019-02-27 16:37:04,499 - BasePage - INFO - 输入内容：1793141568成功
2019-02-27 16:37:04,624 - BasePage - INFO - 输入内容：zrt++19980928成功
2019-02-27 16:37:04,714 - BasePage - INFO - 点击成功
2019-02-27 16:37:07,983 - BasePage - INFO - 点击成功
2019-02-27 16:37:10,849 - BasePage - INFO - 点击成功
2019-02-27 16:37:10,959 - BasePage - INFO - 输入内容：用户贴成功
2019-02-27 16:37:11,107 - BasePage - INFO - 输入内容：老魔王闲来无事来发帖，进来的都是精英成功
2019-02-27 16:37:12,429 - BasePage - INFO - 点击成功
2019-02-27 16:37:12,543 - BasePage - INFO - 输入内容：沙发成功
2019-02-27 16:37:12,657 - BasePage - INFO - 点击成功
