2019-02-28 16:17:22,731 - BrowserEngine - INFO - 你选择了Chrome浏览器
2019-02-28 16:17:22,731 - BrowserEngine - INFO - 测试URL是:http://127.0.0.1/forum.php
2019-02-28 16:17:25,363 - BrowserEngine - INFO - 启动谷歌浏览器
2019-02-28 16:17:27,138 - BrowserEngine - INFO - 打开：http://127.0.0.1/forum.php
2019-02-28 16:17:28,258 - BrowserEngine - INFO - 窗口最大化
2019-02-28 16:17:28,259 - BrowserEngine - INFO - 等待10秒
2019-02-28 16:17:28,378 - BasePage - INFO - 输入内容：admin成功
2019-02-28 16:17:28,476 - BasePage - INFO - 输入内容：123456成功
2019-02-28 16:17:28,565 - BasePage - INFO - 点击成功
2019-02-28 16:17:32,049 - BasePage - INFO - 点击成功
2019-02-28 16:17:32,174 - BasePage - INFO - 输入内容：第一次发帖成功
2019-02-28 16:17:32,341 - BasePage - INFO - 输入内容：好激动ssssssssssssssssss成功
2019-02-28 16:17:33,745 - BasePage - INFO - 点击成功
2019-02-28 16:17:33,886 - BasePage - INFO - 输入内容：你好666啊成功
2019-02-28 16:17:34,154 - BasePage - INFO - 点击成功
2019-02-28 16:17:36,387 - BrowserEngine - INFO - 你选择了Chrome浏览器
2019-02-28 16:17:36,387 - BrowserEngine - INFO - 测试URL是:http://127.0.0.1/forum.php
2019-02-28 16:17:38,864 - BrowserEngine - INFO - 启动谷歌浏览器
2019-02-28 16:17:40,950 - BrowserEngine - INFO - 打开：http://127.0.0.1/forum.php
2019-02-28 16:17:42,073 - BrowserEngine - INFO - 窗口最大化
2019-02-28 16:17:42,074 - BrowserEngine - INFO - 等待10秒
2019-02-28 16:17:42,209 - BasePage - INFO - 输入内容：admin成功
2019-02-28 16:17:42,309 - BasePage - INFO - 输入内容：123456成功
2019-02-28 16:17:42,394 - BasePage - INFO - 点击成功
2019-02-28 16:17:45,810 - BasePage - INFO - 点击成功
2019-02-28 16:17:47,906 - BasePage - INFO - 点击成功
2019-02-28 16:17:50,278 - BasePage - INFO - 点击成功
2019-02-28 16:17:52,842 - BasePage - INFO - 点击成功
2019-02-28 16:17:53,989 - BasePage - INFO - 点击成功
2019-02-28 16:18:05,576 - BasePage - ERROR - <pageobjects.forum2_homepage.HomePage object at 0x000001AF76390860>页面中没有找到('name', 'admin_password')元素
2019-02-28 16:18:05,576 - BasePage - ERROR - 输入异常--'NoneType' object has no attribute 'send_keys'
2019-02-28 16:18:05,906 - BasePage - INFO - get_windows_img
2019-02-28 16:18:16,461 - BasePage - ERROR - <pageobjects.forum2_homepage.HomePage object at 0x000001AF76390860>页面中没有找到('name', 'submit')元素
2019-02-28 16:18:16,461 - BasePage - ERROR - 点击异常--'NoneType' object has no attribute 'click'
2019-02-28 16:18:16,717 - BasePage - INFO - 点击成功
2019-02-28 16:18:18,918 - BasePage - INFO - 点击成功
2019-02-28 16:18:20,990 - BasePage - INFO - 清除成功
2019-02-28 16:18:21,083 - BasePage - INFO - 输入内容：喜刷刷成功
2019-02-28 16:18:21,358 - BasePage - INFO - 点击成功
2019-02-28 16:18:26,421 - BasePage - INFO - 关闭页面
2019-02-28 16:18:26,901 - BasePage - INFO - 点击成功
2019-02-28 16:18:32,050 - BasePage - INFO - 输入内容：1793141568成功
2019-02-28 16:18:32,167 - BasePage - INFO - 输入内容：zrt++19980928成功
2019-02-28 16:18:32,250 - BasePage - INFO - 点击成功
2019-02-28 16:18:35,661 - BasePage - INFO - 点击成功
2019-02-28 16:18:35,994 - BasePage - INFO - 点击成功
2019-02-28 16:18:36,095 - BasePage - INFO - 输入内容：用户贴成功
2019-02-28 16:18:36,237 - BasePage - INFO - 输入内容：老魔王闲来无事来发帖，进来的都是精英成功
2019-02-28 16:18:37,557 - BasePage - INFO - 点击成功
2019-02-28 16:18:37,691 - BasePage - INFO - 输入内容：沙发糖果都是俺的成功
2019-02-28 16:18:57,967 - BasePage - INFO - 点击成功
2019-02-28 16:18:58,434 - BasePage - INFO - 点击成功
2019-02-28 16:19:00,638 - BrowserEngine - INFO - 你选择了Chrome浏览器
2019-02-28 16:19:00,638 - BrowserEngine - INFO - 测试URL是:http://127.0.0.1/forum.php
2019-02-28 16:19:03,056 - BrowserEngine - INFO - 启动谷歌浏览器
2019-02-28 16:19:04,957 - BrowserEngine - INFO - 打开：http://127.0.0.1/forum.php
2019-02-28 16:19:06,075 - BrowserEngine - INFO - 窗口最大化
2019-02-28 16:19:06,076 - BrowserEngine - INFO - 等待10秒
2019-02-28 16:19:06,213 - BasePage - INFO - 输入内容：1793141568成功
2019-02-28 16:19:06,333 - BasePage - INFO - 输入内容：zrt++19980928成功
2019-02-28 16:19:06,417 - BasePage - INFO - 点击成功
2019-02-28 16:19:08,541 - BasePage - INFO - 输入内容：haotest成功
2019-02-28 16:19:08,654 - BasePage - INFO - 点击成功
2019-02-28 16:19:11,800 - BasePage - INFO - 点击成功
2019-02-28 16:19:19,108 - BrowserEngine - INFO - 你选择了Chrome浏览器
2019-02-28 16:19:19,109 - BrowserEngine - INFO - 测试URL是:http://127.0.0.1/forum.php
2019-02-28 16:19:21,552 - BrowserEngine - INFO - 启动谷歌浏览器
2019-02-28 16:19:23,555 - BrowserEngine - INFO - 打开：http://127.0.0.1/forum.php
2019-02-28 16:19:24,680 - BrowserEngine - INFO - 窗口最大化
2019-02-28 16:19:24,681 - BrowserEngine - INFO - 等待10秒
2019-02-28 16:19:24,813 - BasePage - INFO - 输入内容：admin成功
2019-02-28 16:19:24,918 - BasePage - INFO - 输入内容：123456成功
2019-02-28 16:19:25,008 - BasePage - INFO - 点击成功
2019-02-28 16:19:27,492 - BasePage - INFO - 点击成功
2019-02-28 16:19:29,558 - BasePage - INFO - 悬停成功
2019-02-28 16:19:30,416 - BasePage - INFO - 点击成功
2019-02-28 16:19:33,567 - BasePage - INFO - 输入内容：大家的表情成功
2019-02-28 16:19:33,655 - BasePage - INFO - 输入内容：笑成功
2019-02-28 16:19:33,735 - BasePage - INFO - 输入内容：哭成功
2019-02-28 16:19:33,834 - BasePage - INFO - 输入内容：酷成功
2019-02-28 16:19:33,982 - BasePage - INFO - 点击成功
2019-02-28 16:19:37,080 - BasePage - INFO - 点击成功
2019-02-28 16:19:37,745 - BasePage - INFO - 点击成功
