2019-03-03 15:56:23,112 - BrowserEngine - INFO - 你选择了Chrome浏览器
2019-03-03 15:56:23,112 - BrowserEngine - INFO - 测试URL是:http://127.0.0.1/forum.php
2019-03-03 15:56:32,613 - BrowserEngine - INFO - 启动谷歌浏览器
2019-03-03 15:56:41,844 - BrowserEngine - INFO - 打开：http://127.0.0.1/forum.php
2019-03-03 15:56:43,414 - BrowserEngine - INFO - 窗口最大化
2019-03-03 15:56:43,594 - BrowserEngine - INFO - 等待10秒
2019-03-03 15:56:45,716 - BasePage - INFO - 输入内容：admin成功
2019-03-03 15:56:45,828 - BasePage - INFO - 输入内容：123456成功
2019-03-03 15:56:46,596 - BasePage - INFO - 点击成功
2019-03-03 15:56:56,930 - BasePage - INFO - 点击成功
2019-03-03 15:56:57,154 - BasePage - INFO - 输入内容：第一次发帖成功
2019-03-03 15:56:57,378 - BasePage - INFO - 输入内容：好激动ssssssssssssssssss成功
2019-03-03 15:57:01,872 - BasePage - INFO - 点击成功
2019-03-03 15:57:02,031 - BasePage - INFO - 输入内容：你好666啊成功
2019-03-03 15:57:03,864 - BasePage - INFO - 点击成功
2019-03-03 15:57:06,130 - BrowserEngine - INFO - 你选择了Chrome浏览器
2019-03-03 15:57:06,130 - BrowserEngine - INFO - 测试URL是:http://127.0.0.1/forum.php
2019-03-03 15:57:10,568 - BrowserEngine - INFO - 启动谷歌浏览器
2019-03-03 15:57:15,531 - BrowserEngine - INFO - 打开：http://127.0.0.1/forum.php
2019-03-03 15:57:16,654 - BrowserEngine - INFO - 窗口最大化
2019-03-03 15:57:16,656 - BrowserEngine - INFO - 等待10秒
2019-03-03 15:57:16,780 - BasePage - INFO - 输入内容：admin成功
2019-03-03 15:57:16,884 - BasePage - INFO - 输入内容：123456成功
2019-03-03 15:57:16,976 - BasePage - INFO - 点击成功
2019-03-03 15:57:29,001 - BasePage - INFO - 点击成功
2019-03-03 15:57:31,105 - BasePage - INFO - 点击成功
2019-03-03 15:57:33,656 - BasePage - INFO - 点击成功
2019-03-03 15:57:36,322 - BasePage - INFO - 点击成功
2019-03-03 15:57:37,461 - BasePage - INFO - 点击成功
2019-03-03 15:57:49,005 - BasePage - ERROR - <pageobjects.forum2_homepage.HomePage object at 0x000001CC90D7B4E0>页面中没有找到('name', 'admin_password')元素
2019-03-03 15:57:49,019 - BasePage - ERROR - 输入异常--'NoneType' object has no attribute 'send_keys'
2019-03-03 15:57:49,452 - BasePage - INFO - get_windows_img
2019-03-03 15:57:59,968 - BasePage - ERROR - <pageobjects.forum2_homepage.HomePage object at 0x000001CC90D7B4E0>页面中没有找到('name', 'submit')元素
2019-03-03 15:57:59,968 - BasePage - ERROR - 点击异常--'NoneType' object has no attribute 'click'
2019-03-03 15:58:00,096 - BasePage - INFO - 点击成功
2019-03-03 15:58:02,345 - BasePage - INFO - 点击成功
2019-03-03 15:58:04,412 - BasePage - INFO - 清除成功
2019-03-03 15:58:04,508 - BasePage - INFO - 输入内容：喜刷刷成功
2019-03-03 15:58:04,806 - BasePage - INFO - 点击成功
2019-03-03 15:58:09,831 - BasePage - INFO - 关闭页面
2019-03-03 15:58:10,125 - BasePage - INFO - 点击成功
2019-03-03 15:58:15,331 - BasePage - INFO - 输入内容：1793141568成功
2019-03-03 15:58:15,491 - BasePage - INFO - 输入内容：zrt++19980928成功
2019-03-03 15:58:15,619 - BasePage - INFO - 点击成功
2019-03-03 15:58:18,895 - BasePage - INFO - 点击成功
2019-03-03 15:58:19,196 - BasePage - INFO - 点击成功
2019-03-03 15:58:19,342 - BasePage - INFO - 输入内容：用户贴成功
2019-03-03 15:58:19,508 - BasePage - INFO - 输入内容：老魔王闲来无事来发帖，进来的都是精英成功
2019-03-03 15:58:19,744 - BasePage - INFO - 点击成功
2019-03-03 15:58:21,930 - BrowserEngine - INFO - 你选择了Chrome浏览器
2019-03-03 15:58:21,930 - BrowserEngine - INFO - 测试URL是:http://127.0.0.1/forum.php
2019-03-03 15:58:25,135 - BrowserEngine - INFO - 启动谷歌浏览器
2019-03-03 15:58:27,816 - BrowserEngine - INFO - 打开：http://127.0.0.1/forum.php
2019-03-03 15:58:28,943 - BrowserEngine - INFO - 窗口最大化
2019-03-03 15:58:28,945 - BrowserEngine - INFO - 等待10秒
2019-03-03 15:58:29,109 - BasePage - INFO - 输入内容：1793141568成功
2019-03-03 15:58:29,237 - BasePage - INFO - 输入内容：zrt++19980928成功
2019-03-03 15:58:29,324 - BasePage - INFO - 点击成功
2019-03-03 15:58:31,459 - BasePage - INFO - 输入内容：haotest成功
2019-03-03 15:58:31,581 - BasePage - INFO - 点击成功
2019-03-03 15:58:34,727 - BasePage - INFO - 点击成功
2019-03-03 15:58:42,209 - BrowserEngine - INFO - 你选择了Chrome浏览器
2019-03-03 15:58:42,209 - BrowserEngine - INFO - 测试URL是:http://127.0.0.1/forum.php
2019-03-03 15:58:45,673 - BrowserEngine - INFO - 启动谷歌浏览器
2019-03-03 15:58:48,867 - BrowserEngine - INFO - 打开：http://127.0.0.1/forum.php
2019-03-03 15:58:50,000 - BrowserEngine - INFO - 窗口最大化
2019-03-03 15:58:50,002 - BrowserEngine - INFO - 等待10秒
2019-03-03 15:58:50,122 - BasePage - INFO - 输入内容：admin成功
2019-03-03 15:58:50,232 - BasePage - INFO - 输入内容：123456成功
2019-03-03 15:58:50,338 - BasePage - INFO - 点击成功
2019-03-03 15:58:52,729 - BasePage - INFO - 点击成功
2019-03-03 15:58:54,794 - BasePage - INFO - 悬停成功
2019-03-03 15:58:56,042 - BasePage - INFO - 点击成功
2019-03-03 15:58:59,198 - BasePage - INFO - 输入内容：大家的表情成功
2019-03-03 15:58:59,326 - BasePage - INFO - 输入内容：笑成功
2019-03-03 15:58:59,407 - BasePage - INFO - 输入内容：哭成功
2019-03-03 15:58:59,527 - BasePage - INFO - 输入内容：酷成功
2019-03-03 15:58:59,669 - BasePage - INFO - 点击成功
2019-03-03 15:59:02,768 - BasePage - INFO - 点击成功
2019-03-03 15:59:03,454 - BasePage - INFO - 点击成功
