2019-02-28 11:22:03,159 - BrowserEngine - INFO - 你选择了Chrome浏览器
2019-02-28 11:22:03,159 - BrowserEngine - INFO - 测试URL是:http://127.0.0.1/forum.php
2019-02-28 11:22:05,735 - BrowserEngine - INFO - 启动谷歌浏览器
2019-02-28 11:22:08,519 - BrowserEngine - INFO - 打开：http://127.0.0.1/forum.php
2019-02-28 11:22:09,639 - BrowserEngine - INFO - 窗口最大化
2019-02-28 11:22:09,640 - BrowserEngine - INFO - 等待10秒
2019-02-28 11:22:09,780 - BasePage - INFO - 输入内容：admin成功
2019-02-28 11:22:09,883 - BasePage - INFO - 输入内容：123456成功
2019-02-28 11:22:09,981 - BasePage - INFO - 点击成功
2019-02-28 11:22:13,478 - BasePage - INFO - 点击成功
2019-02-28 11:22:13,700 - BasePage - INFO - 输入内容：第一次发帖成功
2019-02-28 11:22:13,996 - BasePage - INFO - 输入内容：好激动ssssssssssssssssss成功
2019-02-28 11:22:15,261 - BasePage - INFO - 点击成功
2019-02-28 11:22:15,383 - BasePage - INFO - 输入内容：你好666啊成功
2019-02-28 11:22:15,708 - BasePage - INFO - 点击成功
2019-02-28 11:22:16,092 - BasePage - INFO - get_windows_img
2019-02-28 11:22:16,094 - BrowserEngine - INFO - 你选择了Chrome浏览器
2019-02-28 11:22:16,094 - BrowserEngine - INFO - 测试URL是:http://127.0.0.1/forum.php
2019-02-28 11:22:18,711 - BrowserEngine - INFO - 启动谷歌浏览器
2019-02-28 11:22:20,428 - BrowserEngine - INFO - 打开：http://127.0.0.1/forum.php
2019-02-28 11:22:21,555 - BrowserEngine - INFO - 窗口最大化
2019-02-28 11:22:21,556 - BrowserEngine - INFO - 等待10秒
2019-02-28 11:22:21,687 - BasePage - INFO - 输入内容：admin成功
2019-02-28 11:22:21,809 - BasePage - INFO - 输入内容：123456成功
2019-02-28 11:22:21,930 - BasePage - INFO - 点击成功
2019-02-28 11:22:25,526 - BasePage - INFO - 点击成功
2019-02-28 11:22:27,693 - BasePage - INFO - 点击成功
2019-02-28 11:22:30,163 - BasePage - INFO - 点击成功
2019-02-28 11:22:32,816 - BasePage - INFO - 点击成功
2019-02-28 11:22:33,978 - BasePage - INFO - 点击成功
2019-02-28 11:22:45,579 - BasePage - ERROR - <pageobjects.forum2_homepage.HomePage object at 0x000002B54B249320>页面中没有找到('name', 'admin_password')元素
2019-02-28 11:22:45,579 - BasePage - ERROR - 输入异常--'NoneType' object has no attribute 'send_keys'
2019-02-28 11:22:45,976 - BasePage - INFO - get_windows_img
2019-02-28 11:22:56,519 - BasePage - ERROR - <pageobjects.forum2_homepage.HomePage object at 0x000002B54B249320>页面中没有找到('name', 'submit')元素
2019-02-28 11:22:56,520 - BasePage - ERROR - 点击异常--'NoneType' object has no attribute 'click'
2019-02-28 11:22:56,668 - BasePage - INFO - 点击成功
2019-02-28 11:22:58,996 - BasePage - INFO - 点击成功
2019-02-28 11:23:01,082 - BasePage - INFO - 清除成功
2019-02-28 11:23:01,191 - BasePage - INFO - 输入内容：喜刷刷成功
2019-02-28 11:23:01,526 - BasePage - INFO - 点击成功
2019-02-28 11:23:06,583 - BasePage - INFO - 关闭页面
2019-02-28 11:23:06,954 - BasePage - INFO - 点击成功
2019-02-28 11:23:12,123 - BasePage - INFO - 输入内容：1793141568成功
2019-02-28 11:23:12,290 - BasePage - INFO - 输入内容：zrt++19980928成功
2019-02-28 11:23:12,393 - BasePage - INFO - 点击成功
2019-02-28 11:23:15,700 - BasePage - INFO - 点击成功
2019-02-28 11:23:16,025 - BasePage - INFO - 点击成功
2019-02-28 11:23:16,189 - BasePage - INFO - 输入内容：用户贴成功
2019-02-28 11:23:16,392 - BasePage - INFO - 输入内容：老魔王闲来无事来发帖，进来的都是精英成功
2019-02-28 11:23:17,624 - BasePage - INFO - 点击成功
2019-02-28 11:23:17,788 - BasePage - INFO - 输入内容：沙发糖果都是俺的成功
2019-02-28 11:23:38,141 - BasePage - INFO - 点击成功
2019-02-28 11:23:38,321 - BasePage - INFO - 点击成功
2019-02-28 11:23:38,322 - BrowserEngine - INFO - 你选择了Chrome浏览器
2019-02-28 11:23:38,322 - BrowserEngine - INFO - 测试URL是:http://127.0.0.1/forum.php
2019-02-28 11:23:40,923 - BrowserEngine - INFO - 启动谷歌浏览器
2019-02-28 11:23:43,311 - BrowserEngine - INFO - 打开：http://127.0.0.1/forum.php
2019-02-28 11:23:44,664 - BrowserEngine - INFO - 窗口最大化
2019-02-28 11:23:44,665 - BrowserEngine - INFO - 等待10秒
2019-02-28 11:23:44,810 - BasePage - INFO - 输入内容：1793141568成功
2019-02-28 11:23:44,956 - BasePage - INFO - 输入内容：zrt++19980928成功
2019-02-28 11:23:45,070 - BasePage - INFO - 点击成功
2019-02-28 11:23:47,218 - BasePage - INFO - 输入内容：haotest成功
2019-02-28 11:23:47,371 - BasePage - INFO - 点击成功
2019-02-28 11:23:50,581 - BasePage - INFO - 点击成功
2019-02-28 11:23:55,666 - BrowserEngine - INFO - 你选择了Chrome浏览器
2019-02-28 11:23:55,666 - BrowserEngine - INFO - 测试URL是:http://127.0.0.1/forum.php
2019-02-28 11:23:59,640 - BrowserEngine - INFO - 启动谷歌浏览器
2019-02-28 11:24:00,926 - BrowserEngine - INFO - 打开：http://127.0.0.1/forum.php
2019-02-28 11:24:02,065 - BrowserEngine - INFO - 窗口最大化
2019-02-28 11:24:02,067 - BrowserEngine - INFO - 等待10秒
2019-02-28 11:24:02,200 - BasePage - INFO - 输入内容：admin成功
2019-02-28 11:24:02,319 - BasePage - INFO - 输入内容：123456成功
2019-02-28 11:24:02,422 - BasePage - INFO - 点击成功
2019-02-28 11:24:05,135 - BasePage - INFO - 点击成功
2019-02-28 11:24:07,214 - BasePage - INFO - 悬停成功
2019-02-28 11:24:07,903 - BasePage - INFO - 点击成功
2019-02-28 11:24:11,050 - BasePage - INFO - 输入内容：大家的表情成功
2019-02-28 11:24:11,148 - BasePage - INFO - 输入内容：笑成功
2019-02-28 11:24:11,245 - BasePage - INFO - 输入内容：哭成功
2019-02-28 11:24:11,351 - BasePage - INFO - 输入内容：酷成功
2019-02-28 11:24:11,511 - BasePage - INFO - 点击成功
2019-02-28 11:24:14,633 - BasePage - INFO - 点击成功
2019-02-28 11:24:15,479 - BasePage - INFO - 点击成功
