2019-02-28 11:40:31,317 - BrowserEngine - INFO - 你选择了Chrome浏览器
2019-02-28 11:40:31,317 - BrowserEngine - INFO - 测试URL是:http://127.0.0.1/forum.php
2019-02-28 11:40:34,781 - BrowserEngine - INFO - 启动谷歌浏览器
2019-02-28 11:40:37,723 - BrowserEngine - INFO - 打开：http://127.0.0.1/forum.php
2019-02-28 11:40:38,852 - BrowserEngine - INFO - 窗口最大化
2019-02-28 11:40:38,853 - BrowserEngine - INFO - 等待10秒
2019-02-28 11:40:38,997 - BasePage - INFO - 输入内容：admin成功
2019-02-28 11:40:39,108 - BasePage - INFO - 输入内容：123456成功
2019-02-28 11:40:39,206 - BasePage - INFO - 点击成功
2019-02-28 11:40:42,699 - BasePage - INFO - 点击成功
2019-02-28 11:40:42,833 - BasePage - INFO - 输入内容：第一次发帖成功
2019-02-28 11:40:43,044 - BasePage - INFO - 输入内容：好激动ssssssssssssssssss成功
2019-02-28 11:40:46,158 - BasePage - INFO - 点击成功
2019-02-28 11:40:46,313 - BasePage - INFO - 输入内容：你好666啊成功
2019-02-28 11:40:46,647 - BasePage - INFO - 点击成功
2019-02-28 11:40:47,021 - BasePage - INFO - get_windows_img
2019-02-28 11:40:47,021 - BrowserEngine - INFO - 关闭浏览器
2019-02-28 11:40:47,079 - BrowserEngine - INFO - 你选择了Chrome浏览器
2019-02-28 11:40:47,079 - BrowserEngine - INFO - 测试URL是:http://127.0.0.1/forum.php
2019-02-28 11:40:49,568 - BrowserEngine - INFO - 启动谷歌浏览器
2019-02-28 11:40:52,483 - BrowserEngine - INFO - 打开：http://127.0.0.1/forum.php
2019-02-28 11:40:53,605 - BrowserEngine - INFO - 窗口最大化
2019-02-28 11:40:53,606 - BrowserEngine - INFO - 等待10秒
2019-02-28 11:40:53,741 - BasePage - INFO - 输入内容：admin成功
2019-02-28 11:40:53,851 - BasePage - INFO - 输入内容：123456成功
2019-02-28 11:40:53,954 - BasePage - INFO - 点击成功
2019-02-28 11:40:57,614 - BasePage - INFO - 点击成功
2019-02-28 11:40:59,717 - BasePage - INFO - 点击成功
2019-02-28 11:41:02,119 - BasePage - INFO - 点击成功
2019-02-28 11:41:04,717 - BasePage - INFO - 点击成功
2019-02-28 11:41:05,878 - BasePage - INFO - 点击成功
2019-02-28 11:41:17,492 - BasePage - ERROR - <pageobjects.forum2_homepage.HomePage object at 0x000001EDD2F5E780>页面中没有找到('name', 'admin_password')元素
2019-02-28 11:41:17,492 - BasePage - ERROR - 输入异常--'NoneType' object has no attribute 'send_keys'
2019-02-28 11:41:17,839 - BasePage - INFO - get_windows_img
2019-02-28 11:41:28,399 - BasePage - ERROR - <pageobjects.forum2_homepage.HomePage object at 0x000001EDD2F5E780>页面中没有找到('name', 'submit')元素
2019-02-28 11:41:28,399 - BasePage - ERROR - 点击异常--'NoneType' object has no attribute 'click'
2019-02-28 11:41:28,564 - BasePage - INFO - 点击成功
2019-02-28 11:41:30,844 - BasePage - INFO - 点击成功
2019-02-28 11:41:32,920 - BasePage - INFO - 清除成功
2019-02-28 11:41:33,062 - BasePage - INFO - 输入内容：喜刷刷成功
2019-02-28 11:41:33,401 - BasePage - INFO - 点击成功
2019-02-28 11:41:38,480 - BasePage - INFO - 关闭页面
2019-02-28 11:41:38,815 - BasePage - INFO - 点击成功
2019-02-28 11:41:43,990 - BasePage - INFO - 输入内容：1793141568成功
2019-02-28 11:41:44,142 - BasePage - INFO - 输入内容：zrt++19980928成功
2019-02-28 11:41:44,241 - BasePage - INFO - 点击成功
2019-02-28 11:41:47,542 - BasePage - INFO - 点击成功
2019-02-28 11:41:47,862 - BasePage - INFO - 点击成功
2019-02-28 11:41:48,013 - BasePage - INFO - 输入内容：用户贴成功
2019-02-28 11:41:48,181 - BasePage - INFO - 输入内容：老魔王闲来无事来发帖，进来的都是精英成功
2019-02-28 11:41:49,289 - BasePage - INFO - 点击成功
2019-02-28 11:41:49,468 - BasePage - INFO - 输入内容：沙发糖果都是俺的成功
2019-02-28 11:42:09,813 - BasePage - INFO - 点击成功
2019-02-28 11:42:10,121 - BasePage - INFO - 点击成功
2019-02-28 11:42:10,121 - BrowserEngine - INFO - 关闭浏览器
2019-02-28 11:42:10,123 - BrowserEngine - INFO - 你选择了Chrome浏览器
2019-02-28 11:42:10,123 - BrowserEngine - INFO - 测试URL是:http://127.0.0.1/forum.php
2019-02-28 11:42:12,717 - BrowserEngine - INFO - 启动谷歌浏览器
2019-02-28 11:42:14,858 - BrowserEngine - INFO - 打开：http://127.0.0.1/forum.php
2019-02-28 11:42:15,982 - BrowserEngine - INFO - 窗口最大化
2019-02-28 11:42:15,984 - BrowserEngine - INFO - 等待10秒
2019-02-28 11:42:16,163 - BasePage - INFO - 输入内容：1793141568成功
2019-02-28 11:42:16,307 - BasePage - INFO - 输入内容：zrt++19980928成功
2019-02-28 11:42:16,406 - BasePage - INFO - 点击成功
2019-02-28 11:42:18,566 - BasePage - INFO - 输入内容：haotest成功
2019-02-28 11:42:18,700 - BasePage - INFO - 点击成功
2019-02-28 11:42:21,857 - BasePage - INFO - 点击成功
2019-02-28 11:42:26,941 - BrowserEngine - INFO - 关闭浏览器
2019-02-28 11:42:26,942 - BrowserEngine - INFO - 你选择了Chrome浏览器
2019-02-28 11:42:26,942 - BrowserEngine - INFO - 测试URL是:http://127.0.0.1/forum.php
2019-02-28 11:42:29,503 - BrowserEngine - INFO - 启动谷歌浏览器
2019-02-28 11:42:32,125 - BrowserEngine - INFO - 打开：http://127.0.0.1/forum.php
2019-02-28 11:42:33,253 - BrowserEngine - INFO - 窗口最大化
2019-02-28 11:42:33,254 - BrowserEngine - INFO - 等待10秒
2019-02-28 11:42:33,407 - BasePage - INFO - 输入内容：admin成功
2019-02-28 11:42:33,525 - BasePage - INFO - 输入内容：123456成功
2019-02-28 11:42:33,635 - BasePage - INFO - 点击成功
2019-02-28 11:42:36,085 - BasePage - INFO - 点击成功
2019-02-28 11:42:38,161 - BasePage - INFO - 悬停成功
2019-02-28 11:42:38,918 - BasePage - INFO - 点击成功
2019-02-28 11:42:42,104 - BasePage - INFO - 输入内容：大家的表情成功
2019-02-28 11:42:42,205 - BasePage - INFO - 输入内容：笑成功
2019-02-28 11:42:42,314 - BasePage - INFO - 输入内容：哭成功
2019-02-28 11:42:42,410 - BasePage - INFO - 输入内容：酷成功
2019-02-28 11:42:42,563 - BasePage - INFO - 点击成功
2019-02-28 11:42:45,678 - BasePage - INFO - 点击成功
2019-02-28 11:42:46,494 - BasePage - INFO - 点击成功
2019-02-28 11:42:50,992 - BrowserEngine - INFO - 关闭浏览器
