2019-02-27 11:54:05,116 - BasePage - INFO - 你选择了Chrome浏览器
2019-02-27 11:54:05,116 - BasePage - INFO - 你选择了Chrome浏览器
2019-02-27 11:54:05,116 - BasePage - INFO - 测试URL是:http://127.0.0.1/forum.php
2019-02-27 11:54:05,116 - BasePage - INFO - 测试URL是:http://127.0.0.1/forum.php
2019-02-27 11:54:08,019 - BasePage - INFO - 启动谷歌浏览器
2019-02-27 11:54:08,019 - BasePage - INFO - 启动谷歌浏览器
2019-02-27 11:54:16,254 - BasePage - INFO - 打开：http://127.0.0.1/forum.php
2019-02-27 11:54:16,254 - BasePage - INFO - 打开：http://127.0.0.1/forum.php
2019-02-27 11:54:17,377 - BasePage - INFO - 窗口最大化
2019-02-27 11:54:17,377 - BasePage - INFO - 窗口最大化
2019-02-27 11:54:17,378 - BasePage - INFO - 等待10秒
2019-02-27 11:54:17,378 - BasePage - INFO - 等待10秒
2019-02-27 11:54:17,501 - BasePage - INFO - 输入内容：admin成功
2019-02-27 11:54:17,501 - BasePage - INFO - 输入内容：admin成功
2019-02-27 11:54:17,596 - BasePage - INFO - 输入内容：123456成功
2019-02-27 11:54:17,596 - BasePage - INFO - 输入内容：123456成功
2019-02-27 11:54:17,704 - BasePage - INFO - 点击成功
2019-02-27 11:54:17,704 - BasePage - INFO - 点击成功
2019-02-27 11:54:46,472 - BasePage - INFO - 点击成功
2019-02-27 11:54:46,472 - BasePage - INFO - 点击成功
2019-02-27 11:54:46,604 - BasePage - INFO - 输入内容：第一次发帖成功
2019-02-27 11:54:46,604 - BasePage - INFO - 输入内容：第一次发帖成功
2019-02-27 11:54:46,846 - BasePage - INFO - 输入内容：好激动ssssssssssssssssss成功
2019-02-27 11:54:46,846 - BasePage - INFO - 输入内容：好激动ssssssssssssssssss成功
2019-02-27 11:55:04,421 - BasePage - INFO - 点击成功
2019-02-27 11:55:04,421 - BasePage - INFO - 点击成功
2019-02-27 11:55:04,566 - BasePage - INFO - 输入内容：你好666啊成功
2019-02-27 11:55:04,566 - BasePage - INFO - 输入内容：你好666啊成功
2019-02-27 11:55:09,925 - BasePage - INFO - 点击成功
2019-02-27 11:55:09,925 - BasePage - INFO - 点击成功
2019-02-27 11:55:10,645 - BasePage - INFO - get_windows_img
2019-02-27 11:55:10,645 - BasePage - INFO - get_windows_img
