2019-02-27 09:03:58,687 - BasePage - INFO - 输入内容admin
2019-02-27 09:03:58,795 - BasePage - INFO - 输入内容123456
2019-02-27 09:03:58,877 - BasePage - INFO - 点击成功
2019-02-27 09:04:17,034 - BasePage - INFO - 点击成功
2019-02-27 09:04:17,208 - BasePage - INFO - 输入内容第二次发帖
2019-02-27 09:04:17,393 - BasePage - INFO - 输入内容好激动ssssssssssssssssss
2019-02-27 09:04:29,268 - BasePage - INFO - 点击成功
2019-02-27 09:04:29,422 - BasePage - INFO - 输入内容你好666啊
2019-02-27 09:04:29,713 - BasePage - INFO - 点击成功
2019-02-27 09:04:30,058 - BasePage - INFO - get_windows_img
2019-02-27 09:08:54,382 - BasePage - INFO - 输入内容：admin
2019-02-27 09:08:54,513 - BasePage - INFO - 输入内容：123456
2019-02-27 09:08:55,181 - BasePage - INFO - 点击登录成功
2019-02-27 09:08:55,679 - BasePage - ERROR - 点击异常--Message: stale element reference: element is not attached to the page document
  (Session info: chrome=69.0.3497.100)
  (Driver info: chromedriver=2.41.578737 (49da6702b16031c40d63e5618de03a32ff6c197e),platform=Windows NT 10.0.17134 x86_64)

2019-02-27 09:08:55,804 - BasePage - INFO - 输入内容：第二次发帖
2019-02-27 09:08:55,982 - BasePage - INFO - 输入内容：好激动ssssssssssssssssss
2019-02-27 09:08:57,222 - BasePage - ERROR - 点击异常--Message: stale element reference: element is not attached to the page document
  (Session info: chrome=69.0.3497.100)
  (Driver info: chromedriver=2.41.578737 (49da6702b16031c40d63e5618de03a32ff6c197e),platform=Windows NT 10.0.17134 x86_64)

2019-02-27 09:08:57,382 - BasePage - INFO - 输入内容：你好666啊
2019-02-27 09:08:57,696 - BasePage - INFO - 点击发表回复成功
2019-02-27 09:08:58,045 - BasePage - INFO - get_windows_img
2019-02-27 09:11:46,802 - BasePage - INFO - 输入内容：admin
2019-02-27 09:11:46,916 - BasePage - INFO - 输入内容：123456
2019-02-27 09:11:47,001 - BasePage - INFO - 点击<selenium.webdriver.remote.webelement.WebElement (session="e4a0c25247e15a41e66e51582e32e99f", element="0.5440151089899545-3")>成功
2019-02-27 09:11:47,561 - BasePage - ERROR - 点击异常--Message: stale element reference: element is not attached to the page document
  (Session info: chrome=69.0.3497.100)
  (Driver info: chromedriver=2.41.578737 (49da6702b16031c40d63e5618de03a32ff6c197e),platform=Windows NT 10.0.17134 x86_64)

2019-02-27 09:11:58,620 - BasePage - ERROR - <pageobjects.forum1_homepage.HomePage object at 0x000001FD187B4C88>页面中没有找到('css selector', '.pbt input')元素
2019-02-27 09:14:00,620 - BasePage - INFO - 输入内容：admin成功
2019-02-27 09:14:00,736 - BasePage - INFO - 输入内容：123456成功
2019-02-27 09:14:00,821 - BasePage - INFO - 点击成功
2019-02-27 09:14:01,362 - BasePage - ERROR - 点击异常--Message: stale element reference: element is not attached to the page document
  (Session info: chrome=69.0.3497.100)
  (Driver info: chromedriver=2.41.578737 (49da6702b16031c40d63e5618de03a32ff6c197e),platform=Windows NT 10.0.17134 x86_64)

2019-02-27 09:14:11,952 - BasePage - INFO - 输入内容：第二次发帖成功
2019-02-27 09:14:12,145 - BasePage - INFO - 输入内容：好激动ssssssssssssssssss成功
2019-02-27 09:14:13,594 - BasePage - INFO - 点击成功
2019-02-27 09:14:13,742 - BasePage - INFO - 输入内容：你好666啊成功
2019-02-27 09:14:14,010 - BasePage - INFO - 点击成功
2019-02-27 09:14:14,359 - BasePage - INFO - get_windows_img
2019-02-27 09:19:37,649 - BasePage - INFO - 输入内容：admin成功
2019-02-27 09:19:37,763 - BasePage - INFO - 输入内容：123456成功
2019-02-27 09:19:37,849 - BasePage - INFO - 点击成功
2019-02-27 09:19:38,669 - BasePage - INFO - 点击成功
2019-02-27 09:19:38,793 - BasePage - INFO - 输入内容：第二次发帖成功
2019-02-27 09:19:38,959 - BasePage - INFO - 输入内容：好激动ssssssssssssssssss成功
2019-02-27 09:19:40,266 - BasePage - INFO - 点击成功
2019-02-27 09:19:40,414 - BasePage - INFO - 输入内容：你好666啊成功
2019-02-27 09:19:40,700 - BasePage - INFO - 点击成功
2019-02-27 09:19:41,059 - BasePage - INFO - get_windows_img
2019-02-27 09:22:16,983 - BasePage - INFO - 输入内容：admin成功
2019-02-27 09:22:17,118 - BasePage - INFO - 输入内容：123456成功
2019-02-27 09:22:17,210 - BasePage - INFO - 点击成功
2019-02-27 09:22:17,644 - BasePage - INFO - 点击成功
2019-02-27 09:22:28,717 - BasePage - ERROR - <pageobjects.forum1_homepage.HomePage object at 0x0000013FA1893BA8>页面中没有找到('css selector', '.pbt input')元素
2019-02-27 09:23:05,921 - BasePage - INFO - 输入内容：admin成功
2019-02-27 09:23:06,041 - BasePage - INFO - 输入内容：123456成功
2019-02-27 09:23:06,133 - BasePage - INFO - 点击成功
2019-02-27 09:23:06,586 - BasePage - INFO - 点击成功
2019-02-27 09:23:12,230 - BasePage - INFO - 输入内容：第二次发帖成功
2019-02-27 09:23:12,428 - BasePage - INFO - 输入内容：好激动ssssssssssssssssss成功
2019-02-27 09:23:13,766 - BasePage - INFO - 点击成功
2019-02-27 09:23:13,922 - BasePage - INFO - 输入内容：你好666啊成功
2019-02-27 09:23:14,215 - BasePage - INFO - 点击成功
2019-02-27 09:23:14,576 - BasePage - INFO - get_windows_img
2019-02-27 09:23:53,569 - BasePage - INFO - 输入内容：admin成功
2019-02-27 09:23:53,680 - BasePage - INFO - 输入内容：123456成功
2019-02-27 09:23:53,777 - BasePage - INFO - 点击成功
2019-02-27 09:23:54,215 - BasePage - INFO - 点击成功
2019-02-27 09:24:10,844 - BasePage - ERROR - <pageobjects.forum1_homepage.HomePage object at 0x000001BFC58E3BE0>页面中没有找到('css selector', '.pbt input')元素
2019-02-27 09:25:26,826 - BasePage - INFO - 输入内容：admin成功
2019-02-27 09:25:26,940 - BasePage - INFO - 输入内容：123456成功
2019-02-27 09:25:27,027 - BasePage - INFO - 点击成功
2019-02-27 09:25:27,397 - BasePage - INFO - 点击成功
2019-02-27 09:25:27,527 - BasePage - INFO - 输入内容：第二次发帖成功
2019-02-27 09:27:07,087 - BasePage - INFO - 输入内容：admin成功
2019-02-27 09:27:07,210 - BasePage - INFO - 输入内容：123456成功
2019-02-27 09:27:07,300 - BasePage - INFO - 点击成功
2019-02-27 09:27:07,909 - BasePage - INFO - 点击成功
2019-02-27 09:27:19,009 - BasePage - ERROR - <pageobjects.forum1_homepage.HomePage object at 0x000001D2E33EA518>页面中没有找到('css selector', '.pbt input')元素
2019-02-27 09:27:35,514 - BasePage - INFO - 输入内容：admin成功
2019-02-27 09:27:35,625 - BasePage - INFO - 输入内容：123456成功
2019-02-27 09:27:35,710 - BasePage - INFO - 点击成功
2019-02-27 09:27:36,160 - BasePage - INFO - 点击成功
2019-02-27 09:27:40,460 - BasePage - INFO - 输入内容：第二次发帖成功
2019-02-27 09:27:40,623 - BasePage - INFO - 输入内容：好激动ssssssssssssssssss成功
2019-02-27 09:27:42,145 - BasePage - INFO - 点击成功
2019-02-27 09:27:42,287 - BasePage - INFO - 输入内容：你好666啊成功
2019-02-27 09:27:42,803 - BasePage - INFO - 点击成功
2019-02-27 09:27:43,165 - BasePage - INFO - get_windows_img
2019-02-27 09:30:03,484 - BasePage - INFO - 输入内容：admin成功
2019-02-27 09:30:03,596 - BasePage - INFO - 输入内容：123456成功
2019-02-27 09:30:03,686 - BasePage - INFO - 点击成功
2019-02-27 09:30:04,189 - BasePage - INFO - 点击成功
2019-02-27 09:30:11,540 - BasePage - INFO - 输入内容：第二次发帖成功
2019-02-27 09:30:11,697 - BasePage - INFO - 输入内容：好激动ssssssssssssssssss成功
2019-02-27 09:30:13,024 - BasePage - INFO - 点击成功
2019-02-27 09:30:13,165 - BasePage - INFO - 输入内容：你好666啊成功
2019-02-27 09:30:13,446 - BasePage - INFO - 点击成功
2019-02-27 09:30:13,819 - BasePage - INFO - get_windows_img
2019-02-27 09:31:37,143 - BasePage - INFO - 输入内容：admin成功
2019-02-27 09:31:37,249 - BasePage - INFO - 输入内容：123456成功
2019-02-27 09:31:37,330 - BasePage - INFO - 点击成功
2019-02-27 09:31:37,725 - BasePage - ERROR - 点击异常--Message: stale element reference: element is not attached to the page document
  (Session info: chrome=69.0.3497.100)
  (Driver info: chromedriver=2.41.578737 (49da6702b16031c40d63e5618de03a32ff6c197e),platform=Windows NT 10.0.17134 x86_64)

2019-02-27 09:31:48,796 - BasePage - ERROR - <pageobjects.forum1_homepage.HomePage object at 0x0000020622633DD8>页面中没有找到('css selector', '.pbt input')元素
2019-02-27 09:32:10,380 - BasePage - INFO - 输入内容：admin成功
2019-02-27 09:32:10,514 - BasePage - INFO - 输入内容：123456成功
2019-02-27 09:32:10,605 - BasePage - INFO - 点击成功
2019-02-27 09:32:11,398 - BasePage - INFO - 点击成功
2019-02-27 09:32:11,550 - BasePage - INFO - 输入内容：第二次发帖成功
2019-02-27 09:32:11,712 - BasePage - INFO - 输入内容：好激动ssssssssssssssssss成功
2019-02-27 09:32:13,062 - BasePage - INFO - 点击成功
2019-02-27 09:32:13,224 - BasePage - INFO - 输入内容：你好666啊成功
2019-02-27 09:32:13,506 - BasePage - INFO - 点击成功
2019-02-27 09:32:13,862 - BasePage - INFO - get_windows_img
