2019-02-28 15:02:15,789 - BrowserEngine - INFO - 你选择了Chrome浏览器
2019-02-28 15:02:15,789 - BrowserEngine - INFO - 测试URL是:http://127.0.0.1/forum.php
2019-02-28 15:02:18,419 - BrowserEngine - INFO - 启动谷歌浏览器
2019-02-28 15:02:20,794 - BrowserEngine - INFO - 打开：http://127.0.0.1/forum.php
2019-02-28 15:02:21,921 - BrowserEngine - INFO - 窗口最大化
2019-02-28 15:02:21,922 - BrowserEngine - INFO - 等待10秒
2019-02-28 15:02:22,043 - BasePage - INFO - 输入内容：admin成功
2019-02-28 15:02:22,144 - BasePage - INFO - 输入内容：123456成功
2019-02-28 15:02:22,238 - BasePage - INFO - 点击成功
2019-02-28 15:02:25,886 - BasePage - INFO - 点击成功
2019-02-28 15:02:26,046 - BasePage - INFO - 输入内容：第一次发帖成功
2019-02-28 15:02:26,222 - BasePage - INFO - 输入内容：好激动ssssssssssssssssss成功
2019-02-28 15:02:55,786 - BasePage - INFO - 点击成功
2019-02-28 15:02:55,928 - BasePage - INFO - 输入内容：你好666啊成功
2019-02-28 15:02:56,234 - BasePage - INFO - 点击成功
2019-02-28 15:02:56,606 - BasePage - INFO - get_windows_img
2019-02-28 15:02:56,607 - BrowserEngine - INFO - 你选择了Chrome浏览器
2019-02-28 15:02:56,608 - BrowserEngine - INFO - 测试URL是:http://127.0.0.1/forum.php
2019-02-28 15:02:59,096 - BrowserEngine - INFO - 启动谷歌浏览器
2019-02-28 15:03:01,837 - BrowserEngine - INFO - 打开：http://127.0.0.1/forum.php
2019-02-28 15:03:02,954 - BrowserEngine - INFO - 窗口最大化
2019-02-28 15:03:02,955 - BrowserEngine - INFO - 等待10秒
2019-02-28 15:03:03,089 - BasePage - INFO - 输入内容：admin成功
2019-02-28 15:03:03,221 - BasePage - INFO - 输入内容：123456成功
2019-02-28 15:03:03,332 - BasePage - INFO - 点击成功
2019-02-28 15:03:06,715 - BasePage - INFO - 点击成功
2019-02-28 15:03:08,831 - BasePage - INFO - 点击成功
2019-02-28 15:03:11,234 - BasePage - INFO - 点击成功
2019-02-28 15:03:13,887 - BasePage - INFO - 点击成功
2019-02-28 15:03:15,039 - BasePage - INFO - 点击成功
2019-02-28 15:03:16,202 - BasePage - INFO - 输入内容：123456成功
2019-02-28 15:04:34,340 - BasePage - INFO - 点击成功
2019-02-28 15:04:34,633 - BasePage - INFO - 点击成功
2019-02-28 15:04:36,858 - BasePage - INFO - 点击成功
2019-02-28 15:04:38,931 - BasePage - INFO - 清除成功
2019-02-28 15:04:39,021 - BasePage - INFO - 输入内容：喜刷刷成功
2019-02-28 15:04:39,350 - BasePage - INFO - 点击成功
2019-02-28 15:04:44,376 - BasePage - INFO - 关闭页面
2019-02-28 15:04:44,742 - BasePage - INFO - 点击成功
2019-02-28 15:04:49,892 - BasePage - INFO - 输入内容：1793141568成功
2019-02-28 15:04:50,020 - BasePage - INFO - 输入内容：zrt++19980928成功
2019-02-28 15:04:50,113 - BasePage - INFO - 点击成功
2019-02-28 15:04:53,406 - BasePage - INFO - 点击成功
2019-02-28 15:04:53,736 - BasePage - INFO - 点击成功
2019-02-28 15:04:53,842 - BasePage - INFO - 输入内容：用户贴成功
2019-02-28 15:04:54,112 - BasePage - INFO - 输入内容：老魔王闲来无事来发帖，进来的都是精英成功
2019-02-28 15:09:54,254 - BasePage - ERROR - 点击异常--Message: timeout
  (Session info: chrome=69.0.3497.100)
  (Driver info: chromedriver=2.41.578737 (49da6702b16031c40d63e5618de03a32ff6c197e),platform=Windows NT 10.0.17134 x86_64)

2019-02-28 15:14:54,259 - BasePage - ERROR - <pageobjects.forum2_homepage.HomePage object at 0x000001C030854470>页面中没有找到('css selector', '.tedt .pt')元素
2019-02-28 15:14:54,259 - BasePage - ERROR - 输入异常--'NoneType' object has no attribute 'send_keys'
