2019-02-27 17:57:02,364 - BrowserEngine - INFO - 你选择了Chrome浏览器
2019-02-27 17:57:02,364 - BrowserEngine - INFO - 测试URL是:http://127.0.0.1/forum.php
2019-02-27 17:57:05,107 - BrowserEngine - INFO - 启动谷歌浏览器
2019-02-27 17:57:09,194 - BrowserEngine - INFO - 打开：http://127.0.0.1/forum.php
2019-02-27 17:57:10,311 - BrowserEngine - INFO - 窗口最大化
2019-02-27 17:57:10,313 - BrowserEngine - INFO - 等待10秒
2019-02-27 17:57:10,453 - BasePage - INFO - 输入内容：1793141568成功
2019-02-27 17:57:10,569 - BasePage - INFO - 输入内容：zrt++19980928成功
2019-02-27 17:57:10,656 - BasePage - INFO - 点击成功
2019-02-27 17:57:12,780 - BasePage - INFO - 输入内容：haotest成功
2019-02-27 17:57:12,894 - BasePage - INFO - 点击成功
2019-02-27 17:57:16,084 - BasePage - INFO - 点击成功
2019-02-27 17:57:31,665 - BrowserEngine - INFO - 你选择了Chrome浏览器
2019-02-27 17:57:31,666 - BrowserEngine - INFO - 测试URL是:http://127.0.0.1/forum.php
2019-02-27 17:57:34,089 - BrowserEngine - INFO - 启动谷歌浏览器
2019-02-27 17:57:36,083 - BrowserEngine - INFO - 打开：http://127.0.0.1/forum.php
2019-02-27 17:57:37,207 - BrowserEngine - INFO - 窗口最大化
2019-02-27 17:57:37,209 - BrowserEngine - INFO - 等待10秒
2019-02-27 17:57:37,353 - BasePage - INFO - 输入内容：1793141568成功
2019-02-27 17:57:37,468 - BasePage - INFO - 输入内容：zrt++19980928成功
2019-02-27 17:57:37,550 - BasePage - INFO - 点击成功
2019-02-27 17:57:39,683 - BasePage - INFO - 输入内容：haotest成功
2019-02-27 17:57:39,809 - BasePage - INFO - 点击成功
2019-02-27 17:57:42,949 - BasePage - INFO - 点击成功
