2019-02-28 15:53:03,074 - BrowserEngine - INFO - 你选择了Chrome浏览器
2019-02-28 15:53:03,075 - BrowserEngine - INFO - 测试URL是:http://127.0.0.1/forum.php
2019-02-28 15:53:05,523 - BrowserEngine - INFO - 启动谷歌浏览器
2019-02-28 15:53:07,420 - BrowserEngine - INFO - 打开：http://127.0.0.1/forum.php
2019-02-28 15:53:08,539 - BrowserEngine - INFO - 窗口最大化
2019-02-28 15:53:08,540 - BrowserEngine - INFO - 等待10秒
2019-02-28 15:53:08,654 - BasePage - INFO - 输入内容：admin成功
2019-02-28 15:53:08,745 - BasePage - INFO - 输入内容：123456成功
2019-02-28 15:53:08,830 - BasePage - INFO - 点击成功
2019-02-28 15:53:12,278 - BasePage - INFO - 点击成功
2019-02-28 15:53:12,394 - BasePage - INFO - 输入内容：第一次发帖成功
2019-02-28 15:53:12,556 - BasePage - INFO - 输入内容：好激动ssssssssssssssssss成功
2019-02-28 15:53:12,679 - BasePage - INFO - 点击成功
2019-02-28 15:53:12,777 - BasePage - INFO - 输入内容：你好666啊成功
2019-02-28 15:53:44,600 - BasePage - INFO - 点击成功
2019-02-28 15:53:44,935 - BasePage - INFO - get_windows_img
2019-02-28 15:53:44,936 - BrowserEngine - INFO - 你选择了Chrome浏览器
2019-02-28 15:53:44,936 - BrowserEngine - INFO - 测试URL是:http://127.0.0.1/forum.php
2019-02-28 15:53:47,358 - BrowserEngine - INFO - 启动谷歌浏览器
2019-02-28 15:53:49,543 - BrowserEngine - INFO - 打开：http://127.0.0.1/forum.php
2019-02-28 15:53:50,666 - BrowserEngine - INFO - 窗口最大化
2019-02-28 15:53:50,668 - BrowserEngine - INFO - 等待10秒
2019-02-28 15:53:50,781 - BasePage - INFO - 输入内容：admin成功
2019-02-28 15:53:50,898 - BasePage - INFO - 输入内容：123456成功
2019-02-28 15:53:50,990 - BasePage - INFO - 点击成功
2019-02-28 15:53:54,452 - BasePage - INFO - 点击成功
2019-02-28 15:53:56,553 - BasePage - INFO - 点击成功
2019-02-28 15:53:58,913 - BasePage - INFO - 点击成功
2019-02-28 15:54:01,748 - BasePage - INFO - 点击成功
2019-02-28 15:54:02,936 - BasePage - INFO - 点击成功
2019-02-28 15:54:04,071 - BasePage - INFO - 输入内容：123456成功
2019-02-28 15:54:06,638 - BasePage - INFO - 点击成功
2019-02-28 15:54:06,896 - BasePage - INFO - 点击成功
2019-02-28 15:54:09,102 - BasePage - INFO - 点击成功
2019-02-28 15:54:11,178 - BasePage - INFO - 清除成功
2019-02-28 15:54:11,264 - BasePage - INFO - 输入内容：喜刷刷成功
2019-02-28 15:54:11,524 - BasePage - INFO - 点击成功
2019-02-28 15:54:16,550 - BasePage - INFO - 关闭页面
2019-02-28 15:54:24,458 - BasePage - INFO - 点击成功
2019-02-28 15:54:29,607 - BasePage - INFO - 输入内容：1793141568成功
2019-02-28 15:54:29,734 - BasePage - INFO - 输入内容：zrt++19980928成功
2019-02-28 15:54:29,822 - BasePage - INFO - 点击成功
2019-02-28 15:54:41,468 - BasePage - INFO - 点击成功
2019-02-28 15:54:52,915 - BasePage - INFO - 点击成功
2019-02-28 15:54:53,032 - BasePage - INFO - 输入内容：用户贴成功
2019-02-28 15:54:53,204 - BasePage - INFO - 输入内容：老魔王闲来无事来发帖，进来的都是精英成功
2019-02-28 15:55:05,340 - BasePage - INFO - 点击成功
2019-02-28 15:55:05,493 - BasePage - INFO - 输入内容：沙发糖果都是俺的成功
2019-02-28 15:55:25,774 - BasePage - INFO - 点击成功
2019-02-28 15:55:39,848 - BasePage - INFO - 点击成功
2019-02-28 15:55:39,849 - BrowserEngine - INFO - 你选择了Chrome浏览器
2019-02-28 15:55:39,850 - BrowserEngine - INFO - 测试URL是:http://127.0.0.1/forum.php
2019-02-28 15:55:43,748 - BrowserEngine - INFO - 启动谷歌浏览器
2019-02-28 15:55:51,644 - BrowserEngine - INFO - 打开：http://127.0.0.1/forum.php
2019-02-28 15:55:52,761 - BrowserEngine - INFO - 窗口最大化
2019-02-28 15:55:52,763 - BrowserEngine - INFO - 等待10秒
2019-02-28 15:55:52,901 - BasePage - INFO - 输入内容：1793141568成功
2019-02-28 15:55:53,021 - BasePage - INFO - 输入内容：zrt++19980928成功
2019-02-28 15:55:53,112 - BasePage - INFO - 点击成功
2019-02-28 15:55:59,391 - BasePage - INFO - 输入内容：haotest成功
2019-02-28 15:55:59,504 - BasePage - INFO - 点击成功
2019-02-28 15:56:02,655 - BasePage - INFO - 点击成功
2019-02-28 15:56:07,720 - BrowserEngine - INFO - 你选择了Chrome浏览器
2019-02-28 15:56:07,720 - BrowserEngine - INFO - 测试URL是:http://127.0.0.1/forum.php
2019-02-28 15:56:11,491 - BrowserEngine - INFO - 启动谷歌浏览器
2019-02-28 15:56:21,781 - BrowserEngine - INFO - 打开：http://127.0.0.1/forum.php
2019-02-28 15:56:22,907 - BrowserEngine - INFO - 窗口最大化
2019-02-28 15:56:22,909 - BrowserEngine - INFO - 等待10秒
2019-02-28 15:56:23,039 - BasePage - INFO - 输入内容：admin成功
2019-02-28 15:56:23,140 - BasePage - INFO - 输入内容：123456成功
2019-02-28 15:56:23,228 - BasePage - INFO - 点击成功
2019-02-28 15:56:46,837 - BasePage - INFO - 点击成功
2019-02-28 15:56:48,915 - BasePage - INFO - 悬停成功
2019-02-28 15:57:00,772 - BasePage - INFO - 点击成功
2019-02-28 15:57:03,907 - BasePage - INFO - 输入内容：大家的表情成功
2019-02-28 15:57:04,005 - BasePage - INFO - 输入内容：笑成功
2019-02-28 15:57:04,094 - BasePage - INFO - 输入内容：哭成功
2019-02-28 15:57:04,186 - BasePage - INFO - 输入内容：酷成功
2019-02-28 15:57:04,322 - BasePage - INFO - 点击成功
2019-02-28 15:57:10,738 - BasePage - INFO - 点击成功
2019-02-28 15:57:22,976 - BasePage - INFO - 点击成功
