2019-02-27 11:40:59,837 - BasePage - INFO - 你选择了Chrome浏览器
2019-02-27 11:40:59,837 - BasePage - INFO - 你选择了Chrome浏览器
2019-02-27 11:40:59,838 - BasePage - INFO - 测试URL是:http://127.0.0.1/forum.php
2019-02-27 11:40:59,838 - BasePage - INFO - 测试URL是:http://127.0.0.1/forum.php
2019-02-27 11:41:02,429 - BasePage - INFO - 启动谷歌浏览器
2019-02-27 11:41:02,429 - BasePage - INFO - 启动谷歌浏览器
2019-02-27 11:41:04,627 - BasePage - INFO - 打开：http://127.0.0.1/forum.php
2019-02-27 11:41:04,627 - BasePage - INFO - 打开：http://127.0.0.1/forum.php
2019-02-27 11:41:05,764 - BasePage - INFO - 窗口最大化
2019-02-27 11:41:05,764 - BasePage - INFO - 窗口最大化
2019-02-27 11:41:05,765 - BasePage - INFO - 等待10秒
2019-02-27 11:41:05,765 - BasePage - INFO - 等待10秒
2019-02-27 11:41:05,893 - BasePage - INFO - 输入内容：admin成功
2019-02-27 11:41:05,893 - BasePage - INFO - 输入内容：admin成功
2019-02-27 11:41:05,991 - BasePage - INFO - 输入内容：123456成功
2019-02-27 11:41:05,991 - BasePage - INFO - 输入内容：123456成功
2019-02-27 11:41:06,082 - BasePage - INFO - 点击成功
2019-02-27 11:41:06,082 - BasePage - INFO - 点击成功
2019-02-27 11:41:09,848 - BasePage - INFO - 点击成功
2019-02-27 11:41:09,848 - BasePage - INFO - 点击成功
2019-02-27 11:41:09,974 - BasePage - INFO - 输入内容：第一次发帖成功
2019-02-27 11:41:09,974 - BasePage - INFO - 输入内容：第一次发帖成功
2019-02-27 11:41:10,182 - BasePage - INFO - 输入内容：好激动ssssssssssssssssss成功
2019-02-27 11:41:10,182 - BasePage - INFO - 输入内容：好激动ssssssssssssssssss成功
2019-02-27 11:41:11,595 - BasePage - INFO - 点击成功
2019-02-27 11:41:11,595 - BasePage - INFO - 点击成功
2019-02-27 11:41:11,834 - BasePage - INFO - 输入内容：你好666啊成功
2019-02-27 11:41:11,834 - BasePage - INFO - 输入内容：你好666啊成功
2019-02-27 11:41:12,228 - BasePage - INFO - 点击成功
2019-02-27 11:41:12,228 - BasePage - INFO - 点击成功
