2019-02-27 15:34:03,698 - BrowserEngine - INFO - 你选择了Chrome浏览器
2019-02-27 15:34:03,698 - BrowserEngine - INFO - 测试URL是:http://127.0.0.1/forum.php
2019-02-27 15:34:07,557 - BrowserEngine - INFO - 启动谷歌浏览器
2019-02-27 15:34:12,444 - BrowserEngine - INFO - 打开：http://127.0.0.1/forum.php
2019-02-27 15:34:13,567 - BrowserEngine - INFO - 窗口最大化
2019-02-27 15:34:13,569 - BrowserEngine - INFO - 等待10秒
2019-02-27 15:34:13,704 - BasePage - INFO - 输入内容：admin成功
2019-02-27 15:34:13,806 - BasePage - INFO - 输入内容：123456成功
2019-02-27 15:34:13,894 - BasePage - INFO - 点击成功
2019-02-27 15:34:17,570 - BasePage - INFO - 点击成功
2019-02-27 15:34:19,672 - BasePage - INFO - 点击成功
2019-02-27 15:34:22,055 - BasePage - INFO - 点击成功
2019-02-27 15:34:24,642 - BasePage - INFO - 点击成功
2019-02-27 15:34:25,790 - BasePage - INFO - 点击成功
2019-02-27 15:34:37,341 - BasePage - ERROR - <pageobjects.forum2_homepage.HomePage object at 0x00000206263EB668>页面中没有找到('css selector', '.nav ul li:nth-child(7) a')元素
2019-02-27 15:34:37,341 - BasePage - ERROR - 点击异常--'NoneType' object has no attribute 'click'
2019-02-27 15:34:49,877 - BasePage - ERROR - <pageobjects.forum2_homepage.HomePage object at 0x00000206263EB668>页面中没有找到('css selector', 'div.lastboard a')元素
2019-02-27 15:34:49,877 - BasePage - ERROR - 点击异常--'NoneType' object has no attribute 'click'
2019-02-27 15:35:02,399 - BasePage - ERROR - <pageobjects.forum2_homepage.HomePage object at 0x00000206263EB668>页面中没有找到('css selector', 'body form table tbody:nth-last-child(2) tr:nth-last-child(2) .board input')元素
2019-02-27 15:35:02,399 - BasePage - ERROR - 清除异常--'NoneType' object has no attribute 'clear'
2019-02-27 15:35:02,817 - BasePage - INFO - get_windows_img
2019-02-27 15:35:13,357 - BasePage - ERROR - <pageobjects.forum2_homepage.HomePage object at 0x00000206263EB668>页面中没有找到('css selector', 'body form table tbody:nth-last-child(2) tr:nth-last-child(2) .board input')元素
2019-02-27 15:35:13,357 - BasePage - ERROR - 输入异常--'NoneType' object has no attribute 'send_keys'
2019-02-27 15:35:13,709 - BasePage - INFO - get_windows_img
2019-02-27 15:35:13,714 - BasePage - ERROR - <pageobjects.forum2_homepage.HomePage object at 0x00000206263EB668>页面中没有找到()元素
2019-02-27 15:35:13,714 - BasePage - ERROR - 输入异常--'NoneType' object has no attribute 'send_keys'
2019-02-27 15:35:14,040 - BasePage - INFO - get_windows_img
2019-02-27 15:35:14,374 - BasePage - INFO - get_windows_img
