2019-02-27 15:50:54,744 - BrowserEngine - INFO - 你选择了Chrome浏览器
2019-02-27 15:50:54,744 - BrowserEngine - INFO - 测试URL是:http://127.0.0.1/forum.php
2019-02-27 15:50:57,245 - BrowserEngine - INFO - 启动谷歌浏览器
2019-02-27 15:50:59,630 - BrowserEngine - INFO - 打开：http://127.0.0.1/forum.php
2019-02-27 15:51:00,746 - BrowserEngine - INFO - 窗口最大化
2019-02-27 15:51:00,748 - BrowserEngine - INFO - 等待10秒
2019-02-27 15:51:00,869 - BasePage - INFO - 输入内容：admin成功
2019-02-27 15:51:00,966 - BasePage - INFO - 输入内容：123456成功
2019-02-27 15:51:01,051 - BasePage - INFO - 点击成功
2019-02-27 15:51:04,523 - BasePage - INFO - 点击成功
2019-02-27 15:51:06,647 - BasePage - INFO - 点击成功
2019-02-27 15:51:08,991 - BasePage - INFO - 点击成功
2019-02-27 15:51:11,446 - BasePage - INFO - 点击成功
2019-02-27 15:51:12,595 - BasePage - INFO - 点击成功
2019-02-27 15:51:24,138 - BasePage - ERROR - <pageobjects.forum2_homepage.HomePage object at 0x0000013D1D032668>页面中没有找到('name', 'admin_password')元素
2019-02-27 15:51:24,138 - BasePage - ERROR - 输入异常--'NoneType' object has no attribute 'send_keys'
2019-02-27 15:51:24,478 - BasePage - INFO - get_windows_img
2019-02-27 15:51:34,989 - BasePage - ERROR - <pageobjects.forum2_homepage.HomePage object at 0x0000013D1D032668>页面中没有找到('name', 'submit')元素
2019-02-27 15:51:34,989 - BasePage - ERROR - 点击异常--'NoneType' object has no attribute 'click'
2019-02-27 15:51:35,087 - BasePage - INFO - 点击成功
2019-02-27 15:51:37,288 - BasePage - INFO - 点击成功
2019-02-27 15:51:39,359 - BasePage - INFO - 清除成功
2019-02-27 15:51:39,499 - BasePage - INFO - 输入内容：喜刷刷成功
2019-02-27 15:51:39,505 - BasePage - ERROR - <pageobjects.forum2_homepage.HomePage object at 0x0000013D1D032668>页面中没有找到()元素
2019-02-27 15:51:39,505 - BasePage - ERROR - 输入异常--'NoneType' object has no attribute 'send_keys'
2019-02-27 15:51:39,820 - BasePage - INFO - get_windows_img
