2019-02-27 11:14:55,350 - BasePage - INFO - 你选择了Chrome浏览器
2019-02-27 11:14:55,350 - BasePage - INFO - 你选择了Chrome浏览器
2019-02-27 11:14:55,350 - BasePage - INFO - 测试URL是:http://127.0.0.1/forum.php
2019-02-27 11:14:55,350 - BasePage - INFO - 测试URL是:http://127.0.0.1/forum.php
2019-02-27 11:14:58,965 - BasePage - INFO - 启动谷歌浏览器
2019-02-27 11:14:58,965 - BasePage - INFO - 启动谷歌浏览器
2019-02-27 11:15:01,081 - BasePage - INFO - 打开：http://127.0.0.1/forum.php
2019-02-27 11:15:01,081 - BasePage - INFO - 打开：http://127.0.0.1/forum.php
2019-02-27 11:15:02,199 - BasePage - INFO - 窗口最大化
2019-02-27 11:15:02,199 - BasePage - INFO - 窗口最大化
2019-02-27 11:15:02,200 - BasePage - INFO - 等待10秒
2019-02-27 11:15:02,200 - BasePage - INFO - 等待10秒
2019-02-27 11:15:02,328 - BasePage - INFO - 输入内容：admin成功
2019-02-27 11:15:02,328 - BasePage - INFO - 输入内容：admin成功
2019-02-27 11:15:02,435 - BasePage - INFO - 输入内容：123456成功
2019-02-27 11:15:02,435 - BasePage - INFO - 输入内容：123456成功
2019-02-27 11:15:02,524 - BasePage - INFO - 点击成功
2019-02-27 11:15:02,524 - BasePage - INFO - 点击成功
2019-02-27 11:15:05,936 - BasePage - INFO - 点击成功
2019-02-27 11:15:05,936 - BasePage - INFO - 点击成功
2019-02-27 11:15:06,114 - BasePage - INFO - 输入内容：第一次发帖成功
2019-02-27 11:15:06,114 - BasePage - INFO - 输入内容：第一次发帖成功
2019-02-27 11:15:06,288 - BasePage - INFO - 输入内容：好激动ssssssssssssssssss成功
2019-02-27 11:15:06,288 - BasePage - INFO - 输入内容：好激动ssssssssssssssssss成功
2019-02-27 11:15:07,742 - BasePage - INFO - 点击成功
2019-02-27 11:15:07,742 - BasePage - INFO - 点击成功
2019-02-27 11:15:07,885 - BasePage - INFO - 输入内容：你好666啊成功
2019-02-27 11:15:07,885 - BasePage - INFO - 输入内容：你好666啊成功
2019-02-27 11:15:08,174 - BasePage - INFO - 点击成功
2019-02-27 11:15:08,174 - BasePage - INFO - 点击成功
