2019-02-28 15:16:57,559 - BrowserEngine - INFO - 你选择了Chrome浏览器
2019-02-28 15:16:57,559 - BrowserEngine - INFO - 测试URL是:http://127.0.0.1/forum.php
2019-02-28 15:17:00,001 - BrowserEngine - INFO - 启动谷歌浏览器
2019-02-28 15:17:03,581 - BrowserEngine - INFO - 打开：http://127.0.0.1/forum.php
2019-02-28 15:17:04,701 - BrowserEngine - INFO - 窗口最大化
2019-02-28 15:17:04,703 - BrowserEngine - INFO - 等待10秒
2019-02-28 15:17:04,835 - BasePage - INFO - 输入内容：admin成功
2019-02-28 15:17:04,939 - BasePage - INFO - 输入内容：123456成功
2019-02-28 15:17:05,032 - BasePage - INFO - 点击成功
2019-02-28 15:17:08,394 - BasePage - INFO - 点击成功
2019-02-28 15:17:08,575 - BasePage - INFO - 输入内容：第一次发帖成功
2019-02-28 15:17:08,776 - BasePage - INFO - 输入内容：好激动ssssssssssssssssss成功
2019-02-28 15:17:35,393 - BasePage - INFO - 点击成功
2019-02-28 15:17:35,507 - BasePage - INFO - 输入内容：你好666啊成功
2019-02-28 15:17:40,819 - BasePage - INFO - 点击成功
2019-02-28 15:17:41,383 - BasePage - INFO - get_windows_img
2019-02-28 15:17:41,385 - BrowserEngine - INFO - 你选择了Chrome浏览器
2019-02-28 15:17:41,385 - BrowserEngine - INFO - 测试URL是:http://127.0.0.1/forum.php
2019-02-28 15:17:44,186 - BrowserEngine - INFO - 启动谷歌浏览器
2019-02-28 15:17:46,945 - BrowserEngine - INFO - 打开：http://127.0.0.1/forum.php
2019-02-28 15:17:48,066 - BrowserEngine - INFO - 窗口最大化
2019-02-28 15:17:48,067 - BrowserEngine - INFO - 等待10秒
2019-02-28 15:17:48,199 - BasePage - INFO - 输入内容：admin成功
2019-02-28 15:17:48,311 - BasePage - INFO - 输入内容：123456成功
2019-02-28 15:17:48,413 - BasePage - INFO - 点击成功
2019-02-28 15:17:51,865 - BasePage - INFO - 点击成功
2019-02-28 15:17:53,975 - BasePage - INFO - 点击成功
2019-02-28 15:17:56,351 - BasePage - INFO - 点击成功
2019-02-28 15:17:58,934 - BasePage - INFO - 点击成功
2019-02-28 15:18:00,102 - BasePage - INFO - 点击成功
2019-02-28 15:18:11,665 - BasePage - ERROR - <pageobjects.forum2_homepage.HomePage object at 0x00000239113D4518>页面中没有找到('name', 'admin_password')元素
2019-02-28 15:18:11,665 - BasePage - ERROR - 输入异常--'NoneType' object has no attribute 'send_keys'
2019-02-28 15:18:12,029 - BasePage - INFO - get_windows_img
2019-02-28 15:18:22,560 - BasePage - ERROR - <pageobjects.forum2_homepage.HomePage object at 0x00000239113D4518>页面中没有找到('name', 'submit')元素
2019-02-28 15:18:22,560 - BasePage - ERROR - 点击异常--'NoneType' object has no attribute 'click'
2019-02-28 15:18:22,834 - BasePage - INFO - 点击成功
2019-02-28 15:18:25,041 - BasePage - INFO - 点击成功
2019-02-28 15:18:27,113 - BasePage - INFO - 清除成功
2019-02-28 15:18:27,197 - BasePage - INFO - 输入内容：喜刷刷成功
2019-02-28 15:18:27,472 - BasePage - INFO - 点击成功
2019-02-28 15:18:32,501 - BasePage - INFO - 关闭页面
2019-02-28 15:18:32,804 - BasePage - INFO - 点击成功
2019-02-28 15:18:37,943 - BasePage - INFO - 输入内容：1793141568成功
2019-02-28 15:18:38,074 - BasePage - INFO - 输入内容：zrt++19980928成功
2019-02-28 15:18:38,168 - BasePage - INFO - 点击成功
2019-02-28 15:18:41,434 - BasePage - INFO - 点击成功
2019-02-28 15:18:41,711 - BasePage - INFO - 点击成功
2019-02-28 15:18:41,835 - BasePage - INFO - 输入内容：用户贴成功
2019-02-28 15:18:41,983 - BasePage - INFO - 输入内容：老魔王闲来无事来发帖，进来的都是精英成功
2019-02-28 15:23:42,098 - BasePage - ERROR - 点击异常--Message: timeout
  (Session info: chrome=69.0.3497.100)
  (Driver info: chromedriver=2.41.578737 (49da6702b16031c40d63e5618de03a32ff6c197e),platform=Windows NT 10.0.17134 x86_64)

2019-02-28 15:28:42,104 - BasePage - ERROR - <pageobjects.forum2_homepage.HomePage object at 0x00000239113D4518>页面中没有找到('css selector', '.tedt .pt')元素
2019-02-28 15:28:42,104 - BasePage - ERROR - 输入异常--'NoneType' object has no attribute 'send_keys'
2019-02-28 15:29:12,699 - BasePage - INFO - get_windows_img
2019-02-28 15:30:08,329 - BasePage - INFO - 点击成功
2019-02-28 15:30:13,573 - BasePage - INFO - 点击成功
2019-02-28 15:30:13,575 - BrowserEngine - INFO - 你选择了Chrome浏览器
2019-02-28 15:30:13,575 - BrowserEngine - INFO - 测试URL是:http://127.0.0.1/forum.php
2019-02-28 15:30:16,235 - BrowserEngine - INFO - 启动谷歌浏览器
2019-02-28 15:30:18,439 - BrowserEngine - INFO - 打开：http://127.0.0.1/forum.php
2019-02-28 15:30:19,560 - BrowserEngine - INFO - 窗口最大化
2019-02-28 15:30:19,561 - BrowserEngine - INFO - 等待10秒
2019-02-28 15:30:19,707 - BasePage - INFO - 输入内容：1793141568成功
2019-02-28 15:30:19,825 - BasePage - INFO - 输入内容：zrt++19980928成功
2019-02-28 15:30:19,926 - BasePage - INFO - 点击成功
2019-02-28 15:30:22,059 - BasePage - INFO - 输入内容：haotest成功
2019-02-28 15:30:22,176 - BasePage - INFO - 点击成功
2019-02-28 15:30:25,334 - BasePage - INFO - 点击成功
2019-02-28 15:30:40,422 - BrowserEngine - INFO - 你选择了Chrome浏览器
2019-02-28 15:30:40,422 - BrowserEngine - INFO - 测试URL是:http://127.0.0.1/forum.php
2019-02-28 15:30:43,044 - BrowserEngine - INFO - 启动谷歌浏览器
2019-02-28 15:30:45,408 - BrowserEngine - INFO - 打开：http://127.0.0.1/forum.php
2019-02-28 15:30:46,534 - BrowserEngine - INFO - 窗口最大化
2019-02-28 15:30:46,535 - BrowserEngine - INFO - 等待10秒
2019-02-28 15:30:46,692 - BasePage - INFO - 输入内容：admin成功
2019-02-28 15:30:46,821 - BasePage - INFO - 输入内容：123456成功
2019-02-28 15:30:46,933 - BasePage - INFO - 点击成功
2019-02-28 15:30:49,385 - BasePage - INFO - 点击成功
2019-02-28 15:30:51,496 - BasePage - INFO - 悬停成功
2019-02-28 15:30:52,161 - BasePage - INFO - 点击成功
2019-02-28 15:30:55,309 - BasePage - INFO - 输入内容：大家的表情成功
2019-02-28 15:30:55,412 - BasePage - INFO - 输入内容：笑成功
2019-02-28 15:30:55,517 - BasePage - INFO - 输入内容：哭成功
2019-02-28 15:30:55,663 - BasePage - INFO - 输入内容：酷成功
2019-02-28 15:30:55,821 - BasePage - INFO - 点击成功
2019-02-28 15:30:59,843 - BasePage - INFO - 点击成功
2019-02-28 15:31:00,626 - BasePage - INFO - 点击成功
