2019-02-27 16:44:30,317 - BrowserEngine - INFO - 你选择了Chrome浏览器
2019-02-27 16:44:30,317 - BrowserEngine - INFO - 测试URL是:http://127.0.0.1/forum.php
2019-02-27 16:44:33,309 - BrowserEngine - INFO - 启动谷歌浏览器
2019-02-27 16:44:35,631 - BrowserEngine - INFO - 打开：http://127.0.0.1/forum.php
2019-02-27 16:44:36,756 - BrowserEngine - INFO - 窗口最大化
2019-02-27 16:44:36,757 - BrowserEngine - INFO - 等待10秒
2019-02-27 16:44:36,887 - BasePage - INFO - 输入内容：admin成功
2019-02-27 16:44:36,991 - BasePage - INFO - 输入内容：123456成功
2019-02-27 16:44:37,075 - BasePage - INFO - 点击成功
2019-02-27 16:44:40,534 - BasePage - INFO - 点击成功
2019-02-27 16:44:42,624 - BasePage - INFO - 点击成功
2019-02-27 16:44:44,943 - BasePage - INFO - 点击成功
2019-02-27 16:44:47,441 - BasePage - INFO - 点击成功
2019-02-27 16:44:48,591 - BasePage - INFO - 点击成功
2019-02-27 16:45:00,160 - BasePage - ERROR - <pageobjects.forum2_homepage.HomePage object at 0x000001E4B83A05F8>页面中没有找到('name', 'admin_password')元素
2019-02-27 16:45:00,160 - BasePage - ERROR - 输入异常--'NoneType' object has no attribute 'send_keys'
2019-02-27 16:45:00,498 - BasePage - INFO - get_windows_img
2019-02-27 16:45:11,019 - BasePage - ERROR - <pageobjects.forum2_homepage.HomePage object at 0x000001E4B83A05F8>页面中没有找到('name', 'submit')元素
2019-02-27 16:45:11,019 - BasePage - ERROR - 点击异常--'NoneType' object has no attribute 'click'
2019-02-27 16:45:11,117 - BasePage - INFO - 点击成功
2019-02-27 16:45:13,335 - BasePage - INFO - 点击成功
2019-02-27 16:45:15,406 - BasePage - INFO - 清除成功
2019-02-27 16:45:15,508 - BasePage - INFO - 输入内容：喜刷刷成功
2019-02-27 16:45:15,788 - BasePage - INFO - 点击成功
2019-02-27 16:45:20,812 - BasePage - INFO - 关闭页面
2019-02-27 16:45:21,122 - BasePage - INFO - 点击成功
2019-02-27 16:45:26,276 - BasePage - INFO - 输入内容：1793141568成功
2019-02-27 16:45:26,393 - BasePage - INFO - 输入内容：zrt++19980928成功
2019-02-27 16:45:26,485 - BasePage - INFO - 点击成功
2019-02-27 16:45:29,808 - BasePage - INFO - 点击成功
2019-02-27 16:45:30,120 - BasePage - INFO - 点击成功
2019-02-27 16:45:30,222 - BasePage - INFO - 输入内容：用户贴成功
2019-02-27 16:45:30,368 - BasePage - INFO - 输入内容：老魔王闲来无事来发帖，进来的都是精英成功
2019-02-27 16:45:31,628 - BasePage - INFO - 点击成功
2019-02-27 16:45:31,767 - BasePage - INFO - 输入内容：沙发糖果都是俺的成功
2019-02-27 16:45:52,072 - BasePage - INFO - 点击成功
2019-02-27 16:45:52,387 - BasePage - INFO - 点击成功
