2019-02-28 09:34:17,685 - BrowserEngine - INFO - 你选择了Chrome浏览器
2019-02-28 09:34:17,686 - BrowserEngine - INFO - 测试URL是:http://127.0.0.1/forum.php
2019-02-28 09:34:21,377 - BrowserEngine - INFO - 启动谷歌浏览器
2019-02-28 09:34:23,421 - BrowserEngine - INFO - 打开：http://127.0.0.1/forum.php
2019-02-28 09:34:24,546 - BrowserEngine - INFO - 窗口最大化
2019-02-28 09:34:24,548 - BrowserEngine - INFO - 等待10秒
2019-02-28 09:34:24,692 - BasePage - INFO - 输入内容：admin成功
2019-02-28 09:34:24,810 - BasePage - INFO - 输入内容：123456成功
2019-02-28 09:34:24,912 - BasePage - INFO - 点击成功
2019-02-28 09:34:27,302 - BasePage - INFO - 点击成功
2019-02-28 09:34:27,470 - BasePage - INFO - 悬停成功
2019-02-28 09:34:28,088 - BasePage - INFO - 点击成功
2019-02-28 09:34:34,717 - BrowserEngine - INFO - 你选择了Chrome浏览器
2019-02-28 09:34:34,717 - BrowserEngine - INFO - 测试URL是:http://127.0.0.1/forum.php
2019-02-28 09:34:37,899 - BrowserEngine - INFO - 启动谷歌浏览器
2019-02-28 09:34:40,257 - BrowserEngine - INFO - 打开：http://127.0.0.1/forum.php
2019-02-28 09:34:41,381 - BrowserEngine - INFO - 窗口最大化
2019-02-28 09:34:41,382 - BrowserEngine - INFO - 等待10秒
2019-02-28 09:34:41,524 - BasePage - INFO - 输入内容：admin成功
2019-02-28 09:34:41,642 - BasePage - INFO - 输入内容：123456成功
2019-02-28 09:34:41,755 - BasePage - INFO - 点击成功
2019-02-28 09:34:44,143 - BasePage - INFO - 点击成功
2019-02-28 09:34:44,295 - BasePage - INFO - 悬停成功
2019-02-28 09:34:44,923 - BasePage - INFO - 点击成功
