2019-02-27 15:43:50,608 - BrowserEngine - INFO - 你选择了Chrome浏览器
2019-02-27 15:43:50,608 - BrowserEngine - INFO - 测试URL是:http://127.0.0.1/forum.php
2019-02-27 15:43:54,046 - BrowserEngine - INFO - 启动谷歌浏览器
2019-02-27 15:43:56,208 - BrowserEngine - INFO - 打开：http://127.0.0.1/forum.php
2019-02-27 15:43:57,330 - BrowserEngine - INFO - 窗口最大化
2019-02-27 15:43:57,332 - BrowserEngine - INFO - 等待10秒
2019-02-27 15:43:57,459 - BasePage - INFO - 输入内容：admin成功
2019-02-27 15:43:57,558 - BasePage - INFO - 输入内容：123456成功
2019-02-27 15:43:57,649 - BasePage - INFO - 点击成功
2019-02-27 15:44:01,092 - BasePage - INFO - 点击成功
2019-02-27 15:44:03,190 - BasePage - INFO - 点击成功
2019-02-27 15:44:05,564 - BasePage - INFO - 点击成功
2019-02-27 15:44:08,072 - BasePage - INFO - 点击成功
2019-02-27 15:44:09,210 - BasePage - INFO - 点击成功
2019-02-27 15:44:20,760 - BasePage - ERROR - <pageobjects.forum2_homepage.HomePage object at 0x000001779D2F8DA0>页面中没有找到('name', 'admin_password')元素
2019-02-27 15:44:20,760 - BasePage - ERROR - 输入异常--'NoneType' object has no attribute 'send_keys'
2019-02-27 15:44:21,088 - BasePage - INFO - get_windows_img
2019-02-27 15:44:31,610 - BasePage - ERROR - <pageobjects.forum2_homepage.HomePage object at 0x000001779D2F8DA0>页面中没有找到('name', 'submit')元素
2019-02-27 15:44:31,610 - BasePage - ERROR - 点击异常--'NoneType' object has no attribute 'click'
2019-02-27 15:44:31,893 - BasePage - INFO - 点击成功
2019-02-27 15:44:44,417 - BasePage - ERROR - <pageobjects.forum2_homepage.HomePage object at 0x000001779D2F8DA0>页面中没有找到('css selector', 'div.lastboard a')元素
2019-02-27 15:44:44,417 - BasePage - ERROR - 点击异常--'NoneType' object has no attribute 'click'
2019-02-27 15:44:56,929 - BasePage - ERROR - <pageobjects.forum2_homepage.HomePage object at 0x000001779D2F8DA0>页面中没有找到('css selector', 'body form table tbody:nth-last-child(2) tr:nth-last-child(2) .board input')元素
2019-02-27 15:44:56,929 - BasePage - ERROR - 清除异常--'NoneType' object has no attribute 'clear'
2019-02-27 15:44:57,347 - BasePage - INFO - get_windows_img
2019-02-27 15:45:07,883 - BasePage - ERROR - <pageobjects.forum2_homepage.HomePage object at 0x000001779D2F8DA0>页面中没有找到('css selector', 'body form table tbody:nth-last-child(2) tr:nth-last-child(2) .board input')元素
2019-02-27 15:45:07,883 - BasePage - ERROR - 输入异常--'NoneType' object has no attribute 'send_keys'
2019-02-27 15:45:08,213 - BasePage - INFO - get_windows_img
2019-02-27 15:45:08,218 - BasePage - ERROR - <pageobjects.forum2_homepage.HomePage object at 0x000001779D2F8DA0>页面中没有找到()元素
2019-02-27 15:45:08,218 - BasePage - ERROR - 输入异常--'NoneType' object has no attribute 'send_keys'
2019-02-27 15:45:08,556 - BasePage - INFO - get_windows_img
