2019-02-28 10:55:22,607 - BrowserEngine - INFO - 你选择了Chrome浏览器
2019-02-28 10:55:22,607 - BrowserEngine - INFO - 测试URL是:http://127.0.0.1/forum.php
2019-02-28 10:55:27,098 - BrowserEngine - INFO - 启动谷歌浏览器
2019-02-28 10:55:29,065 - BrowserEngine - INFO - 打开：http://127.0.0.1/forum.php
2019-02-28 10:55:30,190 - BrowserEngine - INFO - 窗口最大化
2019-02-28 10:55:30,192 - BrowserEngine - INFO - 等待10秒
2019-02-28 10:55:30,361 - BasePage - INFO - 输入内容：admin成功
2019-02-28 10:55:30,484 - BasePage - INFO - 输入内容：123456成功
2019-02-28 10:55:30,585 - BasePage - INFO - 点击成功
2019-02-28 10:55:33,093 - BasePage - INFO - 点击成功
2019-02-28 10:55:35,175 - BasePage - INFO - 悬停成功
2019-02-28 10:55:35,781 - BasePage - INFO - 点击成功
2019-02-28 10:55:38,956 - BasePage - INFO - 输入内容：大家的表情成功
2019-02-28 10:55:39,057 - BasePage - INFO - 输入内容：笑成功
2019-02-28 10:55:39,138 - BasePage - INFO - 输入内容：哭成功
2019-02-28 10:55:39,226 - BasePage - INFO - 输入内容：酷成功
2019-02-28 10:55:39,390 - BasePage - INFO - 点击成功
2019-02-28 10:55:42,493 - BasePage - INFO - 点击成功
2019-02-28 10:55:43,243 - BasePage - INFO - 点击成功
2019-02-28 10:55:45,318 - BasePage - INFO - 输出文本成功
2019-02-28 10:55:45,393 - BasePage - INFO - 输出文本成功
2019-02-28 10:55:45,466 - BasePage - INFO - 输出文本成功
2019-02-28 10:55:45,531 - BasePage - INFO - 输出文本成功
2019-02-28 10:55:45,597 - BasePage - INFO - 输出文本成功
2019-02-28 10:55:45,667 - BasePage - INFO - 输出文本成功
2019-02-28 10:55:45,728 - BasePage - INFO - 输出文本成功
