2019-02-27 15:45:53,975 - BrowserEngine - INFO - 你选择了Chrome浏览器
2019-02-27 15:45:53,975 - BrowserEngine - INFO - 测试URL是:http://127.0.0.1/forum.php
2019-02-27 15:45:56,454 - BrowserEngine - INFO - 启动谷歌浏览器
2019-02-27 15:45:58,581 - BrowserEngine - INFO - 打开：http://127.0.0.1/forum.php
2019-02-27 15:45:59,702 - BrowserEngine - INFO - 窗口最大化
2019-02-27 15:45:59,704 - BrowserEngine - INFO - 等待10秒
2019-02-27 15:45:59,828 - BasePage - INFO - 输入内容：admin成功
2019-02-27 15:45:59,929 - BasePage - INFO - 输入内容：123456成功
2019-02-27 15:46:00,017 - BasePage - INFO - 点击成功
2019-02-27 15:46:03,622 - BasePage - INFO - 点击成功
2019-02-27 15:46:05,717 - BasePage - INFO - 点击成功
2019-02-27 15:46:08,098 - BasePage - INFO - 点击成功
2019-02-27 15:46:10,619 - BasePage - INFO - 点击成功
2019-02-27 15:46:11,765 - BasePage - INFO - 点击成功
2019-02-27 15:46:23,295 - BasePage - ERROR - <pageobjects.forum2_homepage.HomePage object at 0x0000021AE0A52630>页面中没有找到('name', 'admin_password')元素
2019-02-27 15:46:23,295 - BasePage - ERROR - 输入异常--'NoneType' object has no attribute 'send_keys'
2019-02-27 15:46:23,624 - BasePage - INFO - get_windows_img
2019-02-27 15:46:34,140 - BasePage - ERROR - <pageobjects.forum2_homepage.HomePage object at 0x0000021AE0A52630>页面中没有找到('name', 'submit')元素
2019-02-27 15:46:34,140 - BasePage - ERROR - 点击异常--'NoneType' object has no attribute 'click'
2019-02-27 15:46:34,238 - BasePage - INFO - 点击成功
2019-02-27 15:46:46,792 - BasePage - ERROR - <pageobjects.forum2_homepage.HomePage object at 0x0000021AE0A52630>页面中没有找到('link text', '添加新版块')元素
2019-02-27 15:46:46,792 - BasePage - ERROR - 点击异常--'NoneType' object has no attribute 'click'
2019-02-27 15:46:59,350 - BasePage - ERROR - <pageobjects.forum2_homepage.HomePage object at 0x0000021AE0A52630>页面中没有找到('css selector', 'body form table tbody:nth-last-child(2) tr:nth-last-child(2) .board input')元素
2019-02-27 15:46:59,350 - BasePage - ERROR - 清除异常--'NoneType' object has no attribute 'clear'
2019-02-27 15:46:59,733 - BasePage - INFO - get_windows_img
2019-02-27 15:47:10,239 - BasePage - ERROR - <pageobjects.forum2_homepage.HomePage object at 0x0000021AE0A52630>页面中没有找到('css selector', 'body form table tbody:nth-last-child(2) tr:nth-last-child(2) .board input')元素
2019-02-27 15:47:10,239 - BasePage - ERROR - 输入异常--'NoneType' object has no attribute 'send_keys'
2019-02-27 15:47:10,623 - BasePage - INFO - get_windows_img
2019-02-27 15:47:10,629 - BasePage - ERROR - <pageobjects.forum2_homepage.HomePage object at 0x0000021AE0A52630>页面中没有找到()元素
2019-02-27 15:47:10,629 - BasePage - ERROR - 输入异常--'NoneType' object has no attribute 'send_keys'
2019-02-27 15:47:10,943 - BasePage - INFO - get_windows_img
