2019-02-28 11:45:58,741 - BrowserEngine - INFO - 你选择了Chrome浏览器
2019-02-28 11:45:58,741 - BrowserEngine - INFO - 测试URL是:http://127.0.0.1/forum.php
2019-02-28 11:46:01,433 - BrowserEngine - INFO - 启动谷歌浏览器
2019-02-28 11:46:05,116 - BrowserEngine - INFO - 打开：http://127.0.0.1/forum.php
2019-02-28 11:46:06,241 - BrowserEngine - INFO - 窗口最大化
2019-02-28 11:46:06,243 - BrowserEngine - INFO - 等待10秒
2019-02-28 11:46:06,395 - BasePage - INFO - 输入内容：admin成功
2019-02-28 11:46:06,515 - BasePage - INFO - 输入内容：123456成功
2019-02-28 11:46:06,617 - BasePage - INFO - 点击成功
2019-02-28 11:46:10,024 - BasePage - INFO - 点击成功
2019-02-28 11:46:10,217 - BasePage - INFO - 输入内容：第一次发帖成功
2019-02-28 11:46:10,446 - BasePage - INFO - 输入内容：好激动ssssssssssssssssss成功
2019-02-28 11:46:11,810 - BasePage - INFO - 点击成功
2019-02-28 11:46:11,966 - BasePage - INFO - 输入内容：你好666啊成功
2019-02-28 11:46:12,272 - BasePage - INFO - 点击成功
2019-02-28 11:46:12,637 - BasePage - INFO - get_windows_img
2019-02-28 11:46:12,637 - BrowserEngine - INFO - 关闭浏览器
2019-02-28 11:46:12,638 - BrowserEngine - INFO - 你选择了Chrome浏览器
2019-02-28 11:46:12,638 - BrowserEngine - INFO - 测试URL是:http://127.0.0.1/forum.php
2019-02-28 11:46:15,159 - BrowserEngine - INFO - 启动谷歌浏览器
2019-02-28 11:46:18,763 - BrowserEngine - INFO - 打开：http://127.0.0.1/forum.php
2019-02-28 11:46:19,890 - BrowserEngine - INFO - 窗口最大化
2019-02-28 11:46:19,891 - BrowserEngine - INFO - 等待10秒
2019-02-28 11:46:20,038 - BasePage - INFO - 输入内容：admin成功
2019-02-28 11:46:20,154 - BasePage - INFO - 输入内容：123456成功
2019-02-28 11:46:20,252 - BasePage - INFO - 点击成功
2019-02-28 11:46:23,830 - BasePage - INFO - 点击成功
2019-02-28 11:46:25,933 - BasePage - INFO - 点击成功
2019-02-28 11:46:28,379 - BasePage - INFO - 点击成功
2019-02-28 11:46:30,937 - BasePage - INFO - 点击成功
2019-02-28 11:46:32,110 - BasePage - INFO - 点击成功
2019-02-28 11:46:43,663 - BasePage - ERROR - <pageobjects.forum2_homepage.HomePage object at 0x00000190B6C9E7B8>页面中没有找到('name', 'admin_password')元素
2019-02-28 11:46:43,663 - BasePage - ERROR - 输入异常--'NoneType' object has no attribute 'send_keys'
2019-02-28 11:46:43,999 - BasePage - INFO - get_windows_img
2019-02-28 11:46:54,538 - BasePage - ERROR - <pageobjects.forum2_homepage.HomePage object at 0x00000190B6C9E7B8>页面中没有找到('name', 'submit')元素
2019-02-28 11:46:54,538 - BasePage - ERROR - 点击异常--'NoneType' object has no attribute 'click'
2019-02-28 11:46:54,684 - BasePage - INFO - 点击成功
2019-02-28 11:46:56,962 - BasePage - INFO - 点击成功
2019-02-28 11:46:59,039 - BasePage - INFO - 清除成功
2019-02-28 11:46:59,161 - BasePage - INFO - 输入内容：喜刷刷成功
2019-02-28 11:46:59,492 - BasePage - INFO - 点击成功
2019-02-28 11:47:04,522 - BasePage - INFO - 关闭页面
2019-02-28 11:47:04,874 - BasePage - INFO - 点击成功
2019-02-28 11:47:10,050 - BasePage - INFO - 输入内容：1793141568成功
2019-02-28 11:47:10,194 - BasePage - INFO - 输入内容：zrt++19980928成功
2019-02-28 11:47:10,291 - BasePage - INFO - 点击成功
2019-02-28 11:47:13,587 - BasePage - INFO - 点击成功
2019-02-28 11:47:13,953 - BasePage - INFO - 点击成功
2019-02-28 11:47:14,119 - BasePage - INFO - 输入内容：用户贴成功
2019-02-28 11:47:14,309 - BasePage - INFO - 输入内容：老魔王闲来无事来发帖，进来的都是精英成功
2019-02-28 11:47:15,658 - BasePage - INFO - 点击成功
2019-02-28 11:47:15,838 - BasePage - INFO - 输入内容：沙发糖果都是俺的成功
2019-02-28 11:47:36,176 - BasePage - INFO - 点击成功
2019-02-28 11:47:36,352 - BasePage - INFO - 点击成功
2019-02-28 11:47:36,352 - BrowserEngine - INFO - 关闭浏览器
2019-02-28 11:47:36,354 - BrowserEngine - INFO - 你选择了Chrome浏览器
2019-02-28 11:47:36,354 - BrowserEngine - INFO - 测试URL是:http://127.0.0.1/forum.php
2019-02-28 11:47:39,115 - BrowserEngine - INFO - 启动谷歌浏览器
2019-02-28 11:47:41,230 - BrowserEngine - INFO - 打开：http://127.0.0.1/forum.php
2019-02-28 11:47:42,361 - BrowserEngine - INFO - 窗口最大化
2019-02-28 11:47:42,363 - BrowserEngine - INFO - 等待10秒
2019-02-28 11:47:42,520 - BasePage - INFO - 输入内容：1793141568成功
2019-02-28 11:47:42,671 - BasePage - INFO - 输入内容：zrt++19980928成功
2019-02-28 11:47:42,777 - BasePage - INFO - 点击成功
2019-02-28 11:47:44,919 - BasePage - INFO - 输入内容：haotest成功
2019-02-28 11:47:45,052 - BasePage - INFO - 点击成功
2019-02-28 11:47:48,217 - BasePage - INFO - 点击成功
2019-02-28 11:47:53,300 - BrowserEngine - INFO - 关闭浏览器
2019-02-28 11:47:53,301 - BrowserEngine - INFO - 你选择了Chrome浏览器
2019-02-28 11:47:53,301 - BrowserEngine - INFO - 测试URL是:http://127.0.0.1/forum.php
2019-02-28 11:47:55,990 - BrowserEngine - INFO - 启动谷歌浏览器
2019-02-28 11:47:57,666 - BrowserEngine - INFO - 打开：http://127.0.0.1/forum.php
2019-02-28 11:47:58,798 - BrowserEngine - INFO - 窗口最大化
2019-02-28 11:47:58,799 - BrowserEngine - INFO - 等待10秒
2019-02-28 11:47:58,939 - BasePage - INFO - 输入内容：admin成功
2019-02-28 11:47:59,054 - BasePage - INFO - 输入内容：123456成功
2019-02-28 11:47:59,165 - BasePage - INFO - 点击成功
2019-02-28 11:48:01,650 - BasePage - INFO - 点击成功
2019-02-28 11:48:03,731 - BasePage - INFO - 悬停成功
2019-02-28 11:48:04,438 - BasePage - INFO - 点击成功
2019-02-28 11:48:07,600 - BasePage - INFO - 输入内容：大家的表情成功
2019-02-28 11:48:07,700 - BasePage - INFO - 输入内容：笑成功
2019-02-28 11:48:07,794 - BasePage - INFO - 输入内容：哭成功
2019-02-28 11:48:07,908 - BasePage - INFO - 输入内容：酷成功
2019-02-28 11:48:08,070 - BasePage - INFO - 点击成功
2019-02-28 11:48:11,184 - BasePage - INFO - 点击成功
2019-02-28 11:48:11,923 - BasePage - INFO - 点击成功
2019-02-28 11:48:16,441 - BrowserEngine - INFO - 关闭浏览器
