2019-02-27 17:46:20,195 - BrowserEngine - INFO - 你选择了Chrome浏览器
2019-02-27 17:46:20,195 - BrowserEngine - INFO - 测试URL是:http://127.0.0.1/forum.php
2019-02-27 17:46:22,615 - BrowserEngine - INFO - 启动谷歌浏览器
2019-02-27 17:46:25,346 - BrowserEngine - INFO - 打开：http://127.0.0.1/forum.php
2019-02-27 17:46:26,465 - BrowserEngine - INFO - 窗口最大化
2019-02-27 17:46:26,466 - BrowserEngine - INFO - 等待10秒
2019-02-27 17:46:26,620 - BasePage - INFO - 输入内容：1793141568成功
2019-02-27 17:46:26,749 - BasePage - INFO - 输入内容：zrt++19980928成功
2019-02-27 17:46:26,839 - BasePage - INFO - 点击成功
2019-02-27 17:46:28,982 - BasePage - INFO - 输入内容：haotest成功
2019-02-27 17:46:29,101 - BasePage - INFO - 点击成功
2019-02-27 17:46:32,285 - BasePage - INFO - 点击成功
2019-02-27 17:46:51,738 - BrowserEngine - INFO - 你选择了Chrome浏览器
2019-02-27 17:46:51,738 - BrowserEngine - INFO - 测试URL是:http://127.0.0.1/forum.php
2019-02-27 17:46:54,416 - BrowserEngine - INFO - 启动谷歌浏览器
2019-02-27 17:46:56,626 - BrowserEngine - INFO - 打开：http://127.0.0.1/forum.php
2019-02-27 17:46:57,749 - BrowserEngine - INFO - 窗口最大化
2019-02-27 17:46:57,751 - BrowserEngine - INFO - 等待10秒
2019-02-27 17:46:57,906 - BasePage - INFO - 输入内容：1793141568成功
2019-02-27 17:46:58,024 - BasePage - INFO - 输入内容：zrt++19980928成功
2019-02-27 17:46:58,117 - BasePage - INFO - 点击成功
2019-02-27 17:47:00,248 - BasePage - INFO - 输入内容：haotest成功
2019-02-27 17:47:00,368 - BasePage - INFO - 点击成功
2019-02-27 17:47:03,511 - BasePage - INFO - 点击成功
