2019-03-03 11:09:06,775 - BrowserEngine - INFO - 你选择了Chrome浏览器
2019-03-03 11:09:06,775 - BrowserEngine - INFO - 测试URL是:http://127.0.0.1/forum.php
2019-03-03 11:09:09,843 - BrowserEngine - INFO - 启动谷歌浏览器
2019-03-03 11:09:12,128 - BrowserEngine - INFO - 打开：http://127.0.0.1/forum.php
2019-03-03 11:09:13,260 - BrowserEngine - INFO - 窗口最大化
2019-03-03 11:09:13,261 - BrowserEngine - INFO - 等待10秒
2019-03-03 11:09:13,396 - BasePage - INFO - 输入内容：admin成功
2019-03-03 11:09:13,506 - BasePage - INFO - 输入内容：123456成功
2019-03-03 11:09:13,606 - BasePage - INFO - 点击成功
2019-03-03 11:09:17,134 - BasePage - INFO - 点击成功
2019-03-03 11:09:19,253 - BasePage - INFO - 点击成功
2019-03-03 11:09:21,690 - BasePage - INFO - 点击成功
2019-03-03 11:09:24,293 - BasePage - INFO - 点击成功
2019-03-03 11:09:25,469 - BasePage - INFO - 点击成功
2019-03-03 11:09:37,045 - BasePage - ERROR - <pageobjects.forum2_homepage.HomePage object at 0x0000018094A30F98>页面中没有找到('name', 'admin_password')元素
2019-03-03 11:09:37,045 - BasePage - ERROR - 输入异常--'NoneType' object has no attribute 'send_keys'
2019-03-03 11:09:37,405 - BasePage - INFO - get_windows_img
2019-03-03 11:09:47,960 - BasePage - ERROR - <pageobjects.forum2_homepage.HomePage object at 0x0000018094A30F98>页面中没有找到('name', 'submit')元素
2019-03-03 11:09:47,960 - BasePage - ERROR - 点击异常--'NoneType' object has no attribute 'click'
2019-03-03 11:09:48,078 - BasePage - INFO - 点击成功
2019-03-03 11:09:50,329 - BasePage - INFO - 点击成功
2019-03-03 11:09:52,412 - BasePage - INFO - 清除成功
2019-03-03 11:09:52,526 - BasePage - INFO - 输入内容：喜刷刷成功
2019-03-03 11:09:52,839 - BasePage - INFO - 点击成功
2019-03-03 11:09:57,866 - BasePage - INFO - 关闭页面
2019-03-03 11:09:58,236 - BasePage - INFO - 点击成功
2019-03-03 11:10:03,419 - BasePage - INFO - 输入内容：1793141568成功
2019-03-03 11:10:03,554 - BasePage - INFO - 输入内容：zrt++19980928成功
2019-03-03 11:10:03,649 - BasePage - INFO - 点击成功
2019-03-03 11:10:06,968 - BasePage - INFO - 点击成功
2019-03-03 11:10:07,365 - BasePage - INFO - 点击成功
2019-03-03 11:10:07,521 - BasePage - INFO - 输入内容：用户贴成功
2019-03-03 11:10:07,710 - BasePage - INFO - 输入内容：老魔王闲来无事来发帖，进来的都是精英成功
2019-03-03 11:10:09,001 - BasePage - INFO - 点击成功
