2019-02-28 11:59:18,221 - BrowserEngine - INFO - 你选择了Chrome浏览器
2019-02-28 11:59:18,221 - BrowserEngine - INFO - 测试URL是:http://127.0.0.1/forum.php
2019-02-28 11:59:20,697 - BrowserEngine - INFO - 启动谷歌浏览器
2019-02-28 11:59:22,787 - BrowserEngine - INFO - 打开：http://127.0.0.1/forum.php
2019-02-28 11:59:23,913 - BrowserEngine - INFO - 窗口最大化
2019-02-28 11:59:23,916 - BrowserEngine - INFO - 等待10秒
2019-02-28 11:59:24,060 - BasePage - INFO - 输入内容：admin成功
2019-02-28 11:59:24,175 - BasePage - INFO - 输入内容：123456成功
2019-02-28 11:59:24,274 - BasePage - INFO - 点击成功
2019-02-28 11:59:27,700 - BasePage - INFO - 点击成功
2019-02-28 11:59:29,804 - BasePage - INFO - 点击成功
2019-02-28 11:59:32,248 - BasePage - INFO - 点击成功
2019-02-28 11:59:34,859 - BasePage - INFO - 点击成功
2019-02-28 11:59:36,048 - BasePage - INFO - 点击成功
2019-02-28 11:59:47,657 - BasePage - ERROR - <pageobjects.forum2_homepage.HomePage object at 0x0000027B39CB5BA8>页面中没有找到('name', 'admin_password')元素
2019-02-28 11:59:47,657 - BasePage - ERROR - 输入异常--'NoneType' object has no attribute 'send_keys'
2019-02-28 11:59:48,056 - BasePage - INFO - get_windows_img
2019-02-28 11:59:58,602 - BasePage - ERROR - <pageobjects.forum2_homepage.HomePage object at 0x0000027B39CB5BA8>页面中没有找到('name', 'submit')元素
2019-02-28 11:59:58,602 - BasePage - ERROR - 点击异常--'NoneType' object has no attribute 'click'
2019-02-28 11:59:58,714 - BasePage - INFO - 点击成功
2019-02-28 12:00:01,007 - BasePage - INFO - 点击成功
2019-02-28 12:00:03,092 - BasePage - INFO - 清除成功
2019-02-28 12:00:03,218 - BasePage - INFO - 输入内容：喜刷刷成功
2019-02-28 12:00:03,574 - BasePage - INFO - 点击成功
2019-02-28 12:00:08,603 - BasePage - INFO - 关闭页面
2019-02-28 12:00:08,995 - BasePage - INFO - 点击成功
2019-02-28 12:00:14,158 - BasePage - INFO - 输入内容：1793141568成功
2019-02-28 12:00:14,299 - BasePage - INFO - 输入内容：zrt++19980928成功
2019-02-28 12:00:14,398 - BasePage - INFO - 点击成功
2019-02-28 12:00:17,724 - BasePage - INFO - 点击成功
2019-02-28 12:00:18,075 - BasePage - INFO - 点击成功
2019-02-28 12:00:18,228 - BasePage - INFO - 输入内容：用户贴成功
2019-02-28 12:00:18,404 - BasePage - INFO - 输入内容：老魔王闲来无事来发帖，进来的都是精英成功
2019-02-28 12:00:19,610 - BasePage - INFO - 点击成功
2019-02-28 12:00:19,778 - BasePage - INFO - 输入内容：沙发糖果都是俺的成功
2019-02-28 12:00:40,153 - BasePage - INFO - 点击成功
2019-02-28 12:00:40,329 - BasePage - INFO - 点击成功
2019-02-28 12:00:42,582 - BasePage - INFO - 关闭浏览器
2019-02-28 12:00:42,583 - BrowserEngine - INFO - 你选择了Chrome浏览器
2019-02-28 12:00:42,584 - BrowserEngine - INFO - 测试URL是:http://127.0.0.1/forum.php
2019-02-28 12:00:45,248 - BrowserEngine - INFO - 启动谷歌浏览器
2019-02-28 12:00:47,368 - BrowserEngine - INFO - 打开：http://127.0.0.1/forum.php
2019-02-28 12:00:48,515 - BrowserEngine - INFO - 窗口最大化
2019-02-28 12:00:48,518 - BrowserEngine - INFO - 等待10秒
2019-02-28 12:00:48,692 - BasePage - INFO - 输入内容：1793141568成功
2019-02-28 12:00:48,883 - BasePage - INFO - 输入内容：zrt++19980928成功
2019-02-28 12:00:48,992 - BasePage - INFO - 点击成功
2019-02-28 12:00:51,119 - BasePage - INFO - 输入内容：haotest成功
2019-02-28 12:00:51,248 - BasePage - INFO - 点击成功
2019-02-28 12:00:54,496 - BasePage - INFO - 点击成功
2019-02-28 12:00:59,576 - BrowserEngine - INFO - 你选择了Chrome浏览器
2019-02-28 12:00:59,577 - BrowserEngine - INFO - 测试URL是:http://127.0.0.1/forum.php
2019-02-28 12:01:02,235 - BrowserEngine - INFO - 启动谷歌浏览器
2019-02-28 12:01:04,597 - BrowserEngine - INFO - 打开：http://127.0.0.1/forum.php
2019-02-28 12:01:05,730 - BrowserEngine - INFO - 窗口最大化
2019-02-28 12:01:05,731 - BrowserEngine - INFO - 等待10秒
2019-02-28 12:01:05,888 - BasePage - INFO - 输入内容：admin成功
2019-02-28 12:01:06,010 - BasePage - INFO - 输入内容：123456成功
2019-02-28 12:01:06,111 - BasePage - INFO - 点击成功
2019-02-28 12:01:08,618 - BasePage - INFO - 点击成功
2019-02-28 12:01:10,691 - BasePage - INFO - 悬停成功
2019-02-28 12:01:11,410 - BasePage - INFO - 点击成功
2019-02-28 12:01:14,555 - BasePage - INFO - 输入内容：大家的表情成功
2019-02-28 12:01:14,647 - BasePage - INFO - 输入内容：笑成功
2019-02-28 12:01:14,753 - BasePage - INFO - 输入内容：哭成功
2019-02-28 12:01:14,847 - BasePage - INFO - 输入内容：酷成功
2019-02-28 12:01:15,006 - BasePage - INFO - 点击成功
2019-02-28 12:01:36,936 - BasePage - INFO - 点击成功
2019-02-28 12:01:37,732 - BasePage - INFO - 点击成功
2019-02-28 12:01:44,409 - BasePage - INFO - 关闭浏览器
