2019-03-03 10:29:03,979 - BrowserEngine - INFO - 你选择了Chrome浏览器
2019-03-03 10:29:03,979 - BrowserEngine - INFO - 测试URL是:http://127.0.0.1/forum.php
2019-03-03 10:29:07,323 - BrowserEngine - INFO - 启动谷歌浏览器
2019-03-03 10:29:09,826 - BrowserEngine - INFO - 打开：http://127.0.0.1/forum.php
2019-03-03 10:29:10,964 - BrowserEngine - INFO - 窗口最大化
2019-03-03 10:29:10,966 - BrowserEngine - INFO - 等待10秒
2019-03-03 10:29:11,114 - BasePage - INFO - 输入内容：admin成功
2019-03-03 10:29:11,241 - BasePage - INFO - 输入内容：123456成功
2019-03-03 10:29:11,363 - BasePage - INFO - 点击成功
2019-03-03 10:29:14,891 - BasePage - INFO - 点击成功
2019-03-03 10:29:40,848 - BrowserEngine - INFO - 你选择了Chrome浏览器
2019-03-03 10:29:40,849 - BrowserEngine - INFO - 测试URL是:http://127.0.0.1/forum.php
2019-03-03 10:29:43,618 - BrowserEngine - INFO - 启动谷歌浏览器
2019-03-03 10:29:46,265 - BrowserEngine - INFO - 打开：http://127.0.0.1/forum.php
2019-03-03 10:29:47,395 - BrowserEngine - INFO - 窗口最大化
2019-03-03 10:29:47,396 - BrowserEngine - INFO - 等待10秒
2019-03-03 10:29:47,548 - BasePage - INFO - 输入内容：admin成功
2019-03-03 10:29:47,663 - BasePage - INFO - 输入内容：123456成功
2019-03-03 10:29:47,759 - BasePage - INFO - 点击成功
2019-03-03 10:29:51,391 - BasePage - INFO - 点击成功
2019-03-03 10:29:51,562 - BasePage - INFO - 输入内容：第一次发帖成功
2019-03-03 10:29:51,878 - BasePage - INFO - 输入内容：好激动ssssssssssssssssss成功
2019-03-03 10:29:52,999 - BasePage - INFO - 点击成功
2019-03-03 10:29:53,188 - BasePage - INFO - 输入内容：你好666啊成功
2019-03-03 10:29:53,566 - BasePage - INFO - 点击成功
