2019-02-27 10:33:09,165 - BasePage - INFO - 你选择了Chrome浏览器
2019-02-27 10:33:09,165 - BasePage - INFO - 你选择了Chrome浏览器
2019-02-27 10:33:09,165 - BasePage - INFO - 测试URL是:http://127.0.0.1/forum.php
2019-02-27 10:33:09,165 - BasePage - INFO - 测试URL是:http://127.0.0.1/forum.php
2019-02-27 10:33:12,769 - BasePage - INFO - 启动谷歌浏览器
2019-02-27 10:33:12,769 - BasePage - INFO - 启动谷歌浏览器
2019-02-27 10:33:15,653 - BasePage - INFO - 打开：http://127.0.0.1/forum.php
2019-02-27 10:33:15,653 - BasePage - INFO - 打开：http://127.0.0.1/forum.php
2019-02-27 10:33:16,779 - BasePage - INFO - 窗口最大化
2019-02-27 10:33:16,779 - BasePage - INFO - 窗口最大化
2019-02-27 10:33:16,781 - BasePage - INFO - 等待10秒
2019-02-27 10:33:16,781 - BasePage - INFO - 等待10秒
2019-02-27 10:33:16,995 - BasePage - INFO - 输入内容：admin成功
2019-02-27 10:33:16,995 - BasePage - INFO - 输入内容：admin成功
2019-02-27 10:33:17,123 - BasePage - INFO - 输入内容：123456成功
2019-02-27 10:33:17,123 - BasePage - INFO - 输入内容：123456成功
2019-02-27 10:33:17,226 - BasePage - INFO - 点击成功
2019-02-27 10:33:17,226 - BasePage - INFO - 点击成功
2019-02-27 10:33:17,927 - BasePage - INFO - 点击成功
2019-02-27 10:33:17,927 - BasePage - INFO - 点击成功
2019-02-27 10:33:28,483 - BasePage - ERROR - <pageobjects.forum1_homepage.HomePage object at 0x000002A682842128>页面中没有找到('css selector', '.pbt input')元素
2019-02-27 10:33:28,483 - BasePage - ERROR - <pageobjects.forum1_homepage.HomePage object at 0x000002A682842128>页面中没有找到('css selector', '.pbt input')元素
2019-02-27 10:33:28,483 - BasePage - INFO - 关闭浏览器
2019-02-27 10:33:28,483 - BasePage - INFO - 关闭浏览器
2019-02-27 10:37:19,271 - BasePage - INFO - 你选择了Chrome浏览器
2019-02-27 10:37:19,271 - BasePage - INFO - 你选择了Chrome浏览器
2019-02-27 10:37:19,271 - BasePage - INFO - 测试URL是:http://127.0.0.1/forum.php
2019-02-27 10:37:19,271 - BasePage - INFO - 测试URL是:http://127.0.0.1/forum.php
2019-02-27 10:37:21,839 - BasePage - INFO - 启动谷歌浏览器
2019-02-27 10:37:21,839 - BasePage - INFO - 启动谷歌浏览器
2019-02-27 10:37:31,417 - BasePage - INFO - 打开：http://127.0.0.1/forum.php
2019-02-27 10:37:31,417 - BasePage - INFO - 打开：http://127.0.0.1/forum.php
2019-02-27 10:37:32,541 - BasePage - INFO - 窗口最大化
2019-02-27 10:37:32,541 - BasePage - INFO - 窗口最大化
2019-02-27 10:37:32,542 - BasePage - INFO - 等待10秒
2019-02-27 10:37:32,542 - BasePage - INFO - 等待10秒
2019-02-27 10:37:43,858 - BasePage - INFO - 输入内容：admin成功
2019-02-27 10:37:43,858 - BasePage - INFO - 输入内容：admin成功
2019-02-27 10:37:43,972 - BasePage - INFO - 输入内容：123456成功
2019-02-27 10:37:43,972 - BasePage - INFO - 输入内容：123456成功
2019-02-27 10:37:44,068 - BasePage - INFO - 点击成功
2019-02-27 10:37:44,068 - BasePage - INFO - 点击成功
2019-02-27 10:38:06,633 - BasePage - INFO - 点击成功
2019-02-27 10:38:06,633 - BasePage - INFO - 点击成功
2019-02-27 10:38:06,773 - BasePage - INFO - 输入内容：第一次发帖成功
2019-02-27 10:38:06,773 - BasePage - INFO - 输入内容：第一次发帖成功
2019-02-27 10:38:06,942 - BasePage - INFO - 输入内容：好激动ssssssssssssssssss成功
2019-02-27 10:38:06,942 - BasePage - INFO - 输入内容：好激动ssssssssssssssssss成功
2019-02-27 10:38:19,248 - BasePage - INFO - 点击成功
2019-02-27 10:38:19,248 - BasePage - INFO - 点击成功
2019-02-27 10:38:19,420 - BasePage - INFO - 输入内容：你好666啊成功
2019-02-27 10:38:19,420 - BasePage - INFO - 输入内容：你好666啊成功
2019-02-27 10:38:19,744 - BasePage - INFO - 点击成功
2019-02-27 10:38:19,744 - BasePage - INFO - 点击成功
2019-02-27 10:38:20,118 - BasePage - INFO - get_windows_img
2019-02-27 10:38:20,118 - BasePage - INFO - get_windows_img
2019-02-27 10:40:16,603 - BasePage - INFO - 你选择了Chrome浏览器
2019-02-27 10:40:16,603 - BasePage - INFO - 你选择了Chrome浏览器
2019-02-27 10:40:16,603 - BasePage - INFO - 测试URL是:http://127.0.0.1/forum.php
2019-02-27 10:40:16,603 - BasePage - INFO - 测试URL是:http://127.0.0.1/forum.php
2019-02-27 10:40:19,020 - BasePage - INFO - 启动谷歌浏览器
2019-02-27 10:40:19,020 - BasePage - INFO - 启动谷歌浏览器
2019-02-27 10:40:21,723 - BasePage - INFO - 打开：http://127.0.0.1/forum.php
2019-02-27 10:40:21,723 - BasePage - INFO - 打开：http://127.0.0.1/forum.php
2019-02-27 10:40:22,844 - BasePage - INFO - 窗口最大化
2019-02-27 10:40:22,844 - BasePage - INFO - 窗口最大化
2019-02-27 10:40:22,845 - BasePage - INFO - 等待10秒
2019-02-27 10:40:22,845 - BasePage - INFO - 等待10秒
2019-02-27 10:40:23,240 - BasePage - INFO - 输入内容：admin成功
2019-02-27 10:40:23,240 - BasePage - INFO - 输入内容：admin成功
2019-02-27 10:40:23,359 - BasePage - INFO - 输入内容：123456成功
2019-02-27 10:40:23,359 - BasePage - INFO - 输入内容：123456成功
2019-02-27 10:40:23,456 - BasePage - INFO - 点击成功
2019-02-27 10:40:23,456 - BasePage - INFO - 点击成功
2019-02-27 10:40:24,244 - BasePage - INFO - 点击成功
2019-02-27 10:40:24,244 - BasePage - INFO - 点击成功
2019-02-27 10:40:24,434 - BasePage - INFO - 输入内容：第一次发帖成功
2019-02-27 10:40:24,434 - BasePage - INFO - 输入内容：第一次发帖成功
2019-02-27 10:40:24,603 - BasePage - INFO - 输入内容：好激动ssssssssssssssssss成功
2019-02-27 10:40:24,603 - BasePage - INFO - 输入内容：好激动ssssssssssssssssss成功
2019-02-27 10:40:25,775 - BasePage - INFO - 点击成功
2019-02-27 10:40:25,775 - BasePage - INFO - 点击成功
2019-02-27 10:40:25,949 - BasePage - INFO - 输入内容：你好666啊成功
2019-02-27 10:40:25,949 - BasePage - INFO - 输入内容：你好666啊成功
2019-02-27 10:40:26,241 - BasePage - INFO - 点击成功
2019-02-27 10:40:26,241 - BasePage - INFO - 点击成功
2019-02-27 10:40:26,596 - BasePage - INFO - get_windows_img
2019-02-27 10:40:26,596 - BasePage - INFO - get_windows_img
2019-02-27 10:42:23,388 - BasePage - INFO - 你选择了Chrome浏览器
2019-02-27 10:42:23,388 - BasePage - INFO - 你选择了Chrome浏览器
2019-02-27 10:42:23,389 - BasePage - INFO - 测试URL是:http://127.0.0.1/forum.php
2019-02-27 10:42:23,389 - BasePage - INFO - 测试URL是:http://127.0.0.1/forum.php
2019-02-27 10:42:25,862 - BasePage - INFO - 启动谷歌浏览器
2019-02-27 10:42:25,862 - BasePage - INFO - 启动谷歌浏览器
2019-02-27 10:42:28,852 - BasePage - INFO - 打开：http://127.0.0.1/forum.php
2019-02-27 10:42:28,852 - BasePage - INFO - 打开：http://127.0.0.1/forum.php
2019-02-27 10:42:29,971 - BasePage - INFO - 窗口最大化
2019-02-27 10:42:29,971 - BasePage - INFO - 窗口最大化
2019-02-27 10:42:29,972 - BasePage - INFO - 等待10秒
2019-02-27 10:42:29,972 - BasePage - INFO - 等待10秒
2019-02-27 10:42:30,117 - BasePage - INFO - 输入内容：admin成功
2019-02-27 10:42:30,117 - BasePage - INFO - 输入内容：admin成功
2019-02-27 10:42:30,238 - BasePage - INFO - 输入内容：123456成功
2019-02-27 10:42:30,238 - BasePage - INFO - 输入内容：123456成功
2019-02-27 10:42:30,329 - BasePage - INFO - 点击成功
2019-02-27 10:42:30,329 - BasePage - INFO - 点击成功
2019-02-27 10:42:30,780 - BasePage - ERROR - 点击异常--Message: stale element reference: element is not attached to the page document
  (Session info: chrome=69.0.3497.100)
  (Driver info: chromedriver=2.41.578737 (49da6702b16031c40d63e5618de03a32ff6c197e),platform=Windows NT 10.0.17134 x86_64)

2019-02-27 10:42:30,780 - BasePage - ERROR - 点击异常--Message: stale element reference: element is not attached to the page document
  (Session info: chrome=69.0.3497.100)
  (Driver info: chromedriver=2.41.578737 (49da6702b16031c40d63e5618de03a32ff6c197e),platform=Windows NT 10.0.17134 x86_64)

2019-02-27 10:42:41,298 - BasePage - ERROR - <pageobjects.forum1_homepage.HomePage object at 0x00000267A8D46B00>页面中没有找到('css selector', '.pbt input')元素
2019-02-27 10:42:41,298 - BasePage - ERROR - <pageobjects.forum1_homepage.HomePage object at 0x00000267A8D46B00>页面中没有找到('css selector', '.pbt input')元素
2019-02-27 10:44:34,403 - BasePage - INFO - 你选择了Chrome浏览器
2019-02-27 10:44:34,403 - BasePage - INFO - 你选择了Chrome浏览器
2019-02-27 10:44:34,403 - BasePage - INFO - 测试URL是:http://127.0.0.1/forum.php
2019-02-27 10:44:34,403 - BasePage - INFO - 测试URL是:http://127.0.0.1/forum.php
2019-02-27 10:44:36,849 - BasePage - INFO - 启动谷歌浏览器
2019-02-27 10:44:36,849 - BasePage - INFO - 启动谷歌浏览器
2019-02-27 10:44:39,040 - BasePage - INFO - 打开：http://127.0.0.1/forum.php
2019-02-27 10:44:39,040 - BasePage - INFO - 打开：http://127.0.0.1/forum.php
2019-02-27 10:44:40,156 - BasePage - INFO - 窗口最大化
2019-02-27 10:44:40,156 - BasePage - INFO - 窗口最大化
2019-02-27 10:44:40,157 - BasePage - INFO - 等待10秒
2019-02-27 10:44:40,157 - BasePage - INFO - 等待10秒
2019-02-27 10:44:40,292 - BasePage - INFO - 输入内容：admin成功
2019-02-27 10:44:40,292 - BasePage - INFO - 输入内容：admin成功
2019-02-27 10:44:40,404 - BasePage - INFO - 输入内容：123456成功
2019-02-27 10:44:40,404 - BasePage - INFO - 输入内容：123456成功
2019-02-27 10:44:40,488 - BasePage - INFO - 点击成功
2019-02-27 10:44:40,488 - BasePage - INFO - 点击成功
2019-02-27 10:44:41,186 - BasePage - ERROR - 点击异常--Message: stale element reference: element is not attached to the page document
  (Session info: chrome=69.0.3497.100)
  (Driver info: chromedriver=2.41.578737 (49da6702b16031c40d63e5618de03a32ff6c197e),platform=Windows NT 10.0.17134 x86_64)

2019-02-27 10:44:41,186 - BasePage - ERROR - 点击异常--Message: stale element reference: element is not attached to the page document
  (Session info: chrome=69.0.3497.100)
  (Driver info: chromedriver=2.41.578737 (49da6702b16031c40d63e5618de03a32ff6c197e),platform=Windows NT 10.0.17134 x86_64)

2019-02-27 10:44:51,712 - BasePage - ERROR - <pageobjects.forum1_homepage.HomePage object at 0x0000018243FBF5F8>页面中没有找到('css selector', '.pbt input')元素
2019-02-27 10:44:51,712 - BasePage - ERROR - <pageobjects.forum1_homepage.HomePage object at 0x0000018243FBF5F8>页面中没有找到('css selector', '.pbt input')元素
2019-02-27 10:45:53,540 - BasePage - INFO - 你选择了Chrome浏览器
2019-02-27 10:45:53,540 - BasePage - INFO - 你选择了Chrome浏览器
2019-02-27 10:45:53,540 - BasePage - INFO - 测试URL是:http://127.0.0.1/forum.php
2019-02-27 10:45:53,540 - BasePage - INFO - 测试URL是:http://127.0.0.1/forum.php
2019-02-27 10:45:56,718 - BasePage - INFO - 启动谷歌浏览器
2019-02-27 10:45:56,718 - BasePage - INFO - 启动谷歌浏览器
2019-02-27 10:46:00,053 - BasePage - INFO - 打开：http://127.0.0.1/forum.php
2019-02-27 10:46:00,053 - BasePage - INFO - 打开：http://127.0.0.1/forum.php
2019-02-27 10:46:01,172 - BasePage - INFO - 窗口最大化
2019-02-27 10:46:01,172 - BasePage - INFO - 窗口最大化
2019-02-27 10:46:01,173 - BasePage - INFO - 等待10秒
2019-02-27 10:46:01,173 - BasePage - INFO - 等待10秒
2019-02-27 10:46:01,287 - BasePage - INFO - 输入内容：admin成功
2019-02-27 10:46:01,287 - BasePage - INFO - 输入内容：admin成功
2019-02-27 10:46:01,378 - BasePage - INFO - 输入内容：123456成功
2019-02-27 10:46:01,378 - BasePage - INFO - 输入内容：123456成功
2019-02-27 10:46:01,464 - BasePage - INFO - 点击成功
2019-02-27 10:46:01,464 - BasePage - INFO - 点击成功
2019-02-27 10:46:01,897 - BasePage - ERROR - 点击异常--Message: stale element reference: element is not attached to the page document
  (Session info: chrome=69.0.3497.100)
  (Driver info: chromedriver=2.41.578737 (49da6702b16031c40d63e5618de03a32ff6c197e),platform=Windows NT 10.0.17134 x86_64)

2019-02-27 10:46:01,897 - BasePage - ERROR - 点击异常--Message: stale element reference: element is not attached to the page document
  (Session info: chrome=69.0.3497.100)
  (Driver info: chromedriver=2.41.578737 (49da6702b16031c40d63e5618de03a32ff6c197e),platform=Windows NT 10.0.17134 x86_64)

2019-02-27 10:46:06,667 - BasePage - INFO - 输入内容：第一次发帖成功
2019-02-27 10:46:06,667 - BasePage - INFO - 输入内容：第一次发帖成功
2019-02-27 10:46:06,834 - BasePage - INFO - 输入内容：好激动ssssssssssssssssss成功
2019-02-27 10:46:06,834 - BasePage - INFO - 输入内容：好激动ssssssssssssssssss成功
2019-02-27 10:46:07,915 - BasePage - INFO - 点击成功
2019-02-27 10:46:07,915 - BasePage - INFO - 点击成功
2019-02-27 10:46:08,045 - BasePage - INFO - 输入内容：你好666啊成功
2019-02-27 10:46:08,045 - BasePage - INFO - 输入内容：你好666啊成功
2019-02-27 10:46:08,456 - BasePage - INFO - 点击成功
2019-02-27 10:46:08,456 - BasePage - INFO - 点击成功
2019-02-27 10:46:08,815 - BasePage - INFO - get_windows_img
2019-02-27 10:46:08,815 - BasePage - INFO - get_windows_img
2019-02-27 10:47:59,408 - BasePage - INFO - 你选择了Chrome浏览器
2019-02-27 10:47:59,408 - BasePage - INFO - 你选择了Chrome浏览器
2019-02-27 10:47:59,408 - BasePage - INFO - 测试URL是:http://127.0.0.1/forum.php
2019-02-27 10:47:59,408 - BasePage - INFO - 测试URL是:http://127.0.0.1/forum.php
2019-02-27 10:48:02,429 - BasePage - INFO - 启动谷歌浏览器
2019-02-27 10:48:02,429 - BasePage - INFO - 启动谷歌浏览器
2019-02-27 10:48:05,151 - BasePage - INFO - 打开：http://127.0.0.1/forum.php
2019-02-27 10:48:05,151 - BasePage - INFO - 打开：http://127.0.0.1/forum.php
2019-02-27 10:48:06,268 - BasePage - INFO - 窗口最大化
2019-02-27 10:48:06,268 - BasePage - INFO - 窗口最大化
2019-02-27 10:48:06,270 - BasePage - INFO - 等待10秒
2019-02-27 10:48:06,270 - BasePage - INFO - 等待10秒
2019-02-27 10:48:06,387 - BasePage - INFO - 输入内容：admin成功
2019-02-27 10:48:06,387 - BasePage - INFO - 输入内容：admin成功
2019-02-27 10:48:06,493 - BasePage - INFO - 输入内容：123456成功
2019-02-27 10:48:06,493 - BasePage - INFO - 输入内容：123456成功
2019-02-27 10:48:06,594 - BasePage - INFO - 点击成功
2019-02-27 10:48:06,594 - BasePage - INFO - 点击成功
2019-02-27 10:48:07,316 - BasePage - INFO - 点击成功
2019-02-27 10:48:07,316 - BasePage - INFO - 点击成功
2019-02-27 10:48:17,851 - BasePage - ERROR - <pageobjects.forum1_homepage.HomePage object at 0x000002F66CB12C18>页面中没有找到('css selector', '.pbt input')元素
2019-02-27 10:48:17,851 - BasePage - ERROR - <pageobjects.forum1_homepage.HomePage object at 0x000002F66CB12C18>页面中没有找到('css selector', '.pbt input')元素
2019-02-27 10:48:17,851 - BasePage - ERROR - 输入异常--'NoneType' object has no attribute 'send_keys'
2019-02-27 10:48:17,851 - BasePage - ERROR - 输入异常--'NoneType' object has no attribute 'send_keys'
2019-02-27 10:48:18,193 - BasePage - INFO - get_windows_img
2019-02-27 10:48:18,193 - BasePage - INFO - get_windows_img
2019-02-27 10:48:28,753 - BasePage - ERROR - <pageobjects.forum1_homepage.HomePage object at 0x000002F66CB12C18>页面中没有找到('css selector', '.tedt .area .pt')元素
2019-02-27 10:48:28,753 - BasePage - ERROR - <pageobjects.forum1_homepage.HomePage object at 0x000002F66CB12C18>页面中没有找到('css selector', '.tedt .area .pt')元素
2019-02-27 10:48:28,753 - BasePage - ERROR - 输入异常--'NoneType' object has no attribute 'send_keys'
2019-02-27 10:48:28,753 - BasePage - ERROR - 输入异常--'NoneType' object has no attribute 'send_keys'
2019-02-27 10:48:29,070 - BasePage - INFO - get_windows_img
2019-02-27 10:48:29,070 - BasePage - INFO - get_windows_img
2019-02-27 10:48:39,621 - BasePage - ERROR - <pageobjects.forum1_homepage.HomePage object at 0x000002F66CB12C18>页面中没有找到('css selector', '.ptm strong')元素
2019-02-27 10:48:39,621 - BasePage - ERROR - <pageobjects.forum1_homepage.HomePage object at 0x000002F66CB12C18>页面中没有找到('css selector', '.ptm strong')元素
2019-02-27 10:48:39,621 - BasePage - ERROR - 点击异常--'NoneType' object has no attribute 'click'
2019-02-27 10:48:39,621 - BasePage - ERROR - 点击异常--'NoneType' object has no attribute 'click'
2019-02-27 10:48:50,155 - BasePage - ERROR - <pageobjects.forum1_homepage.HomePage object at 0x000002F66CB12C18>页面中没有找到('css selector', '.tedt .pt')元素
2019-02-27 10:48:50,155 - BasePage - ERROR - <pageobjects.forum1_homepage.HomePage object at 0x000002F66CB12C18>页面中没有找到('css selector', '.tedt .pt')元素
2019-02-27 10:48:50,155 - BasePage - ERROR - 输入异常--'NoneType' object has no attribute 'send_keys'
2019-02-27 10:48:50,155 - BasePage - ERROR - 输入异常--'NoneType' object has no attribute 'send_keys'
2019-02-27 10:48:50,517 - BasePage - INFO - get_windows_img
2019-02-27 10:48:50,517 - BasePage - INFO - get_windows_img
2019-02-27 10:49:01,049 - BasePage - ERROR - <pageobjects.forum1_homepage.HomePage object at 0x000002F66CB12C18>页面中没有找到('css selector', '.ptm .pn strong')元素
2019-02-27 10:49:01,049 - BasePage - ERROR - <pageobjects.forum1_homepage.HomePage object at 0x000002F66CB12C18>页面中没有找到('css selector', '.ptm .pn strong')元素
2019-02-27 10:49:01,051 - BasePage - ERROR - 点击异常--'NoneType' object has no attribute 'click'
2019-02-27 10:49:01,051 - BasePage - ERROR - 点击异常--'NoneType' object has no attribute 'click'
2019-02-27 10:49:01,373 - BasePage - INFO - get_windows_img
2019-02-27 10:49:01,373 - BasePage - INFO - get_windows_img
2019-02-27 10:50:10,799 - BasePage - INFO - 你选择了Chrome浏览器
2019-02-27 10:50:10,799 - BasePage - INFO - 你选择了Chrome浏览器
2019-02-27 10:50:10,799 - BasePage - INFO - 测试URL是:http://127.0.0.1/forum.php
2019-02-27 10:50:10,799 - BasePage - INFO - 测试URL是:http://127.0.0.1/forum.php
2019-02-27 10:50:14,230 - BasePage - INFO - 启动谷歌浏览器
2019-02-27 10:50:14,230 - BasePage - INFO - 启动谷歌浏览器
2019-02-27 10:50:16,820 - BasePage - INFO - 打开：http://127.0.0.1/forum.php
2019-02-27 10:50:16,820 - BasePage - INFO - 打开：http://127.0.0.1/forum.php
2019-02-27 10:50:17,940 - BasePage - INFO - 窗口最大化
2019-02-27 10:50:17,940 - BasePage - INFO - 窗口最大化
2019-02-27 10:50:17,942 - BasePage - INFO - 等待10秒
2019-02-27 10:50:17,942 - BasePage - INFO - 等待10秒
2019-02-27 10:50:18,077 - BasePage - INFO - 输入内容：admin成功
2019-02-27 10:50:18,077 - BasePage - INFO - 输入内容：admin成功
2019-02-27 10:50:18,182 - BasePage - INFO - 输入内容：123456成功
2019-02-27 10:50:18,182 - BasePage - INFO - 输入内容：123456成功
2019-02-27 10:50:18,274 - BasePage - INFO - 点击成功
2019-02-27 10:50:18,274 - BasePage - INFO - 点击成功
2019-02-27 10:50:22,136 - BasePage - INFO - 点击成功
2019-02-27 10:50:22,136 - BasePage - INFO - 点击成功
2019-02-27 10:50:22,262 - BasePage - INFO - 输入内容：第一次发帖成功
2019-02-27 10:50:22,262 - BasePage - INFO - 输入内容：第一次发帖成功
2019-02-27 10:50:22,457 - BasePage - INFO - 输入内容：好激动ssssssssssssssssss成功
2019-02-27 10:50:22,457 - BasePage - INFO - 输入内容：好激动ssssssssssssssssss成功
2019-02-27 10:50:23,655 - BasePage - INFO - 点击成功
2019-02-27 10:50:23,655 - BasePage - INFO - 点击成功
2019-02-27 10:50:23,797 - BasePage - INFO - 输入内容：你好666啊成功
2019-02-27 10:50:23,797 - BasePage - INFO - 输入内容：你好666啊成功
2019-02-27 10:50:24,065 - BasePage - INFO - 点击成功
2019-02-27 10:50:24,065 - BasePage - INFO - 点击成功
2019-02-27 10:50:24,426 - BasePage - INFO - get_windows_img
2019-02-27 10:50:24,426 - BasePage - INFO - get_windows_img
2019-02-27 10:52:27,223 - BasePage - INFO - 你选择了Chrome浏览器
2019-02-27 10:52:27,223 - BasePage - INFO - 你选择了Chrome浏览器
2019-02-27 10:52:27,224 - BasePage - INFO - 测试URL是:http://127.0.0.1/forum.php
2019-02-27 10:52:27,224 - BasePage - INFO - 测试URL是:http://127.0.0.1/forum.php
2019-02-27 10:52:30,277 - BasePage - INFO - 启动谷歌浏览器
2019-02-27 10:52:30,277 - BasePage - INFO - 启动谷歌浏览器
2019-02-27 10:52:32,903 - BasePage - INFO - 打开：http://127.0.0.1/forum.php
2019-02-27 10:52:32,903 - BasePage - INFO - 打开：http://127.0.0.1/forum.php
2019-02-27 10:52:34,029 - BasePage - INFO - 窗口最大化
2019-02-27 10:52:34,029 - BasePage - INFO - 窗口最大化
2019-02-27 10:52:34,030 - BasePage - INFO - 等待10秒
2019-02-27 10:52:34,030 - BasePage - INFO - 等待10秒
2019-02-27 10:52:34,162 - BasePage - INFO - 输入内容：admin成功
2019-02-27 10:52:34,162 - BasePage - INFO - 输入内容：admin成功
2019-02-27 10:52:34,268 - BasePage - INFO - 输入内容：123456成功
2019-02-27 10:52:34,268 - BasePage - INFO - 输入内容：123456成功
2019-02-27 10:52:34,374 - BasePage - INFO - 点击成功
2019-02-27 10:52:34,374 - BasePage - INFO - 点击成功
2019-02-27 10:52:37,878 - BasePage - INFO - 点击成功
2019-02-27 10:52:37,878 - BasePage - INFO - 点击成功
2019-02-27 10:52:38,000 - BasePage - INFO - 输入内容：第一次发帖成功
2019-02-27 10:52:38,000 - BasePage - INFO - 输入内容：第一次发帖成功
2019-02-27 10:52:38,204 - BasePage - INFO - 输入内容：好激动ssssssssssssssssss成功
2019-02-27 10:52:38,204 - BasePage - INFO - 输入内容：好激动ssssssssssssssssss成功
2019-02-27 10:52:39,434 - BasePage - INFO - 点击成功
2019-02-27 10:52:39,434 - BasePage - INFO - 点击成功
2019-02-27 10:52:39,569 - BasePage - INFO - 输入内容：你好666啊成功
2019-02-27 10:52:39,569 - BasePage - INFO - 输入内容：你好666啊成功
2019-02-27 10:52:39,840 - BasePage - INFO - 点击成功
2019-02-27 10:52:39,840 - BasePage - INFO - 点击成功
