2019-02-28 11:50:31,538 - BrowserEngine - INFO - 你选择了Chrome浏览器
2019-02-28 11:50:31,538 - BrowserEngine - INFO - 测试URL是:http://127.0.0.1/forum.php
2019-02-28 11:50:35,121 - BrowserEngine - INFO - 启动谷歌浏览器
2019-02-28 11:50:37,527 - BrowserEngine - INFO - 打开：http://127.0.0.1/forum.php
2019-02-28 11:50:38,646 - BrowserEngine - INFO - 窗口最大化
2019-02-28 11:50:38,647 - BrowserEngine - INFO - 等待10秒
2019-02-28 11:50:38,778 - BasePage - INFO - 输入内容：admin成功
2019-02-28 11:50:38,884 - BasePage - INFO - 输入内容：123456成功
2019-02-28 11:50:38,980 - BasePage - INFO - 点击成功
2019-02-28 11:50:42,735 - BasePage - INFO - 点击成功
2019-02-28 11:50:42,870 - BasePage - INFO - 输入内容：第一次发帖成功
2019-02-28 11:50:43,093 - BasePage - INFO - 输入内容：好激动ssssssssssssssssss成功
2019-02-28 11:50:44,408 - BasePage - INFO - 点击成功
2019-02-28 11:50:44,568 - BasePage - INFO - 输入内容：你好666啊成功
2019-02-28 11:50:44,894 - BasePage - INFO - 点击成功
2019-02-28 11:50:45,266 - BasePage - INFO - get_windows_img
2019-02-28 11:50:45,268 - BrowserEngine - INFO - 你选择了Chrome浏览器
2019-02-28 11:50:45,268 - BrowserEngine - INFO - 测试URL是:http://127.0.0.1/forum.php
2019-02-28 11:50:47,836 - BrowserEngine - INFO - 启动谷歌浏览器
2019-02-28 11:50:50,034 - BrowserEngine - INFO - 打开：http://127.0.0.1/forum.php
2019-02-28 11:50:51,157 - BrowserEngine - INFO - 窗口最大化
2019-02-28 11:50:51,159 - BrowserEngine - INFO - 等待10秒
2019-02-28 11:50:51,307 - BasePage - INFO - 输入内容：admin成功
2019-02-28 11:50:51,418 - BasePage - INFO - 输入内容：123456成功
2019-02-28 11:50:51,524 - BasePage - INFO - 点击成功
2019-02-28 11:50:55,198 - BasePage - INFO - 点击成功
2019-02-28 11:50:57,309 - BasePage - INFO - 点击成功
2019-02-28 11:50:59,730 - BasePage - INFO - 点击成功
2019-02-28 11:51:02,278 - BasePage - INFO - 点击成功
2019-02-28 11:51:03,457 - BasePage - INFO - 点击成功
2019-02-28 11:51:15,043 - BasePage - ERROR - <pageobjects.forum2_homepage.HomePage object at 0x000002B98681F2E8>页面中没有找到('name', 'admin_password')元素
2019-02-28 11:51:15,043 - BasePage - ERROR - 输入异常--'NoneType' object has no attribute 'send_keys'
2019-02-28 11:51:15,405 - BasePage - INFO - get_windows_img
2019-02-28 11:51:25,967 - BasePage - ERROR - <pageobjects.forum2_homepage.HomePage object at 0x000002B98681F2E8>页面中没有找到('name', 'submit')元素
2019-02-28 11:51:25,967 - BasePage - ERROR - 点击异常--'NoneType' object has no attribute 'click'
2019-02-28 11:51:26,087 - BasePage - INFO - 点击成功
2019-02-28 11:51:28,368 - BasePage - INFO - 点击成功
2019-02-28 11:51:30,443 - BasePage - INFO - 清除成功
2019-02-28 11:51:30,594 - BasePage - INFO - 输入内容：喜刷刷成功
2019-02-28 11:51:30,939 - BasePage - INFO - 点击成功
2019-02-28 11:51:35,964 - BasePage - INFO - 关闭页面
2019-02-28 11:51:36,319 - BasePage - INFO - 点击成功
2019-02-28 11:51:41,504 - BasePage - INFO - 输入内容：1793141568成功
2019-02-28 11:51:41,639 - BasePage - INFO - 输入内容：zrt++19980928成功
2019-02-28 11:51:41,730 - BasePage - INFO - 点击成功
2019-02-28 11:51:45,042 - BasePage - INFO - 点击成功
2019-02-28 11:51:45,390 - BasePage - INFO - 点击成功
2019-02-28 11:51:45,545 - BasePage - INFO - 输入内容：用户贴成功
2019-02-28 11:51:45,718 - BasePage - INFO - 输入内容：老魔王闲来无事来发帖，进来的都是精英成功
2019-02-28 11:51:47,153 - BasePage - INFO - 点击成功
2019-02-28 11:51:47,328 - BasePage - INFO - 输入内容：沙发糖果都是俺的成功
2019-02-28 11:52:07,661 - BasePage - INFO - 点击成功
2019-02-28 11:52:07,824 - BasePage - INFO - 点击成功
2019-02-28 11:52:07,827 - BrowserEngine - INFO - 你选择了Chrome浏览器
2019-02-28 11:52:07,827 - BrowserEngine - INFO - 测试URL是:http://127.0.0.1/forum.php
2019-02-28 11:52:10,870 - BrowserEngine - INFO - 启动谷歌浏览器
2019-02-28 11:52:12,738 - BrowserEngine - INFO - 打开：http://127.0.0.1/forum.php
2019-02-28 11:52:13,865 - BrowserEngine - INFO - 窗口最大化
2019-02-28 11:52:13,866 - BrowserEngine - INFO - 等待10秒
2019-02-28 11:52:14,047 - BasePage - INFO - 输入内容：1793141568成功
2019-02-28 11:52:14,194 - BasePage - INFO - 输入内容：zrt++19980928成功
2019-02-28 11:52:14,297 - BasePage - INFO - 点击成功
2019-02-28 11:52:16,446 - BasePage - INFO - 输入内容：haotest成功
2019-02-28 11:52:16,588 - BasePage - INFO - 点击成功
2019-02-28 11:52:19,742 - BasePage - INFO - 点击成功
2019-02-28 11:52:24,813 - BrowserEngine - INFO - 你选择了Chrome浏览器
2019-02-28 11:52:24,813 - BrowserEngine - INFO - 测试URL是:http://127.0.0.1/forum.php
2019-02-28 11:52:27,838 - BrowserEngine - INFO - 启动谷歌浏览器
2019-02-28 11:52:29,819 - BrowserEngine - INFO - 打开：http://127.0.0.1/forum.php
2019-02-28 11:52:30,941 - BrowserEngine - INFO - 窗口最大化
2019-02-28 11:52:30,943 - BrowserEngine - INFO - 等待10秒
2019-02-28 11:52:31,086 - BasePage - INFO - 输入内容：admin成功
2019-02-28 11:52:31,208 - BasePage - INFO - 输入内容：123456成功
2019-02-28 11:52:31,325 - BasePage - INFO - 点击成功
2019-02-28 11:52:33,846 - BasePage - INFO - 点击成功
2019-02-28 11:52:35,929 - BasePage - INFO - 悬停成功
2019-02-28 11:52:36,656 - BasePage - INFO - 点击成功
2019-02-28 11:52:39,833 - BasePage - INFO - 输入内容：大家的表情成功
2019-02-28 11:52:39,938 - BasePage - INFO - 输入内容：笑成功
2019-02-28 11:52:40,039 - BasePage - INFO - 输入内容：哭成功
2019-02-28 11:52:40,139 - BasePage - INFO - 输入内容：酷成功
2019-02-28 11:52:40,313 - BasePage - INFO - 点击成功
2019-02-28 11:52:44,567 - BasePage - INFO - 点击成功
2019-02-28 11:52:45,363 - BasePage - INFO - 点击成功
