2019-02-27 11:34:39,716 - BasePage - INFO - 你选择了Chrome浏览器
2019-02-27 11:34:39,716 - BasePage - INFO - 你选择了Chrome浏览器
2019-02-27 11:34:39,716 - BasePage - INFO - 测试URL是:http://127.0.0.1/forum.php
2019-02-27 11:34:39,716 - BasePage - INFO - 测试URL是:http://127.0.0.1/forum.php
2019-02-27 11:34:42,283 - BasePage - INFO - 启动谷歌浏览器
2019-02-27 11:34:42,283 - BasePage - INFO - 启动谷歌浏览器
2019-02-27 11:34:50,438 - BasePage - INFO - 你选择了Chrome浏览器
2019-02-27 11:34:50,438 - BasePage - INFO - 你选择了Chrome浏览器
2019-02-27 11:34:50,438 - BasePage - INFO - 测试URL是:http://127.0.0.1/forum.php
2019-02-27 11:34:50,438 - BasePage - INFO - 测试URL是:http://127.0.0.1/forum.php
2019-02-27 11:34:52,860 - BasePage - INFO - 启动谷歌浏览器
2019-02-27 11:34:52,860 - BasePage - INFO - 启动谷歌浏览器
2019-02-27 11:34:55,251 - BasePage - INFO - 打开：http://127.0.0.1/forum.php
2019-02-27 11:34:55,251 - BasePage - INFO - 打开：http://127.0.0.1/forum.php
2019-02-27 11:34:56,407 - BasePage - INFO - 窗口最大化
2019-02-27 11:34:56,407 - BasePage - INFO - 窗口最大化
2019-02-27 11:34:56,409 - BasePage - INFO - 等待10秒
2019-02-27 11:34:56,409 - BasePage - INFO - 等待10秒
2019-02-27 11:34:56,548 - BasePage - INFO - 输入内容：admin成功
2019-02-27 11:34:56,548 - BasePage - INFO - 输入内容：admin成功
2019-02-27 11:34:56,663 - BasePage - INFO - 输入内容：123456成功
2019-02-27 11:34:56,663 - BasePage - INFO - 输入内容：123456成功
2019-02-27 11:34:56,805 - BasePage - INFO - 点击成功
2019-02-27 11:34:56,805 - BasePage - INFO - 点击成功
2019-02-27 11:35:00,308 - BasePage - INFO - 点击成功
2019-02-27 11:35:00,308 - BasePage - INFO - 点击成功
2019-02-27 11:35:00,417 - BasePage - INFO - 输入内容：第一次发帖成功
2019-02-27 11:35:00,417 - BasePage - INFO - 输入内容：第一次发帖成功
2019-02-27 11:35:00,595 - BasePage - INFO - 输入内容：好激动ssssssssssssssssss成功
2019-02-27 11:35:00,595 - BasePage - INFO - 输入内容：好激动ssssssssssssssssss成功
2019-02-27 11:35:02,659 - BasePage - INFO - 点击成功
2019-02-27 11:35:02,659 - BasePage - INFO - 点击成功
2019-02-27 11:35:02,799 - BasePage - INFO - 输入内容：你好666啊成功
2019-02-27 11:35:02,799 - BasePage - INFO - 输入内容：你好666啊成功
2019-02-27 11:35:03,052 - BasePage - INFO - 点击成功
2019-02-27 11:35:03,052 - BasePage - INFO - 点击成功
