2019-03-03 15:55:58,755 - BrowserEngine - INFO - 你选择了Chrome浏览器
2019-03-03 15:55:58,776 - BrowserEngine - INFO - 测试URL是:http://127.0.0.1/forum.php
2019-03-03 15:55:58,776 - BrowserEngine - INFO - 测试URL是:http://127.0.0.1/forum.php
2019-03-03 15:56:15,009 - BrowserEngine - INFO - 启动谷歌浏览器
2019-03-03 15:56:16,929 - BrowserEngine - INFO - 你选择了Chrome浏览器
2019-03-03 15:56:16,929 - BrowserEngine - INFO - 测试URL是:http://127.0.0.1/forum.php
2019-03-03 15:56:17,266 - BrowserEngine - INFO - 你选择了Chrome浏览器
2019-03-03 15:56:17,266 - BrowserEngine - INFO - 测试URL是:http://127.0.0.1/forum.php
2019-03-03 15:56:24,847 - BrowserEngine - INFO - 启动谷歌浏览器
2019-03-03 15:56:41,657 - BrowserEngine - INFO - 打开：http://127.0.0.1/forum.php
2019-03-03 15:56:43,430 - BrowserEngine - INFO - 窗口最大化
2019-03-03 15:56:43,595 - BrowserEngine - INFO - 等待10秒
2019-03-03 15:56:45,716 - BasePage - INFO - 输入内容：admin成功
2019-03-03 15:56:45,829 - BasePage - INFO - 输入内容：123456成功
2019-03-03 15:56:46,596 - BasePage - INFO - 点击成功
2019-03-03 15:56:56,922 - BasePage - INFO - 点击成功
2019-03-03 15:56:59,030 - BasePage - INFO - 点击成功
2019-03-03 15:57:01,765 - BasePage - INFO - 点击成功
2019-03-03 15:57:06,032 - BasePage - INFO - 点击成功
2019-03-03 15:57:07,178 - BasePage - INFO - 点击成功
2019-03-03 15:57:08,943 - BasePage - INFO - 输入内容：123456成功
2019-03-03 15:57:55,183 - BasePage - INFO - 点击成功
2019-03-03 15:57:55,549 - BasePage - INFO - 点击成功
2019-03-03 15:57:57,925 - BasePage - INFO - 点击成功
2019-03-03 15:57:59,997 - BasePage - INFO - 清除成功
2019-03-03 15:58:00,160 - BasePage - INFO - 输入内容：喜刷刷成功
2019-03-03 15:58:00,615 - BasePage - INFO - 点击成功
2019-03-03 15:58:05,639 - BasePage - INFO - 关闭页面
2019-03-03 15:58:05,993 - BasePage - INFO - 点击成功
2019-03-03 15:58:11,170 - BasePage - INFO - 输入内容：1793141568成功
2019-03-03 15:58:11,302 - BasePage - INFO - 输入内容：zrt++19980928成功
2019-03-03 15:58:11,394 - BasePage - INFO - 点击成功
2019-03-03 15:58:14,695 - BasePage - INFO - 点击成功
2019-03-03 15:58:14,999 - BasePage - INFO - 点击成功
2019-03-03 15:58:15,120 - BasePage - INFO - 输入内容：用户贴成功
2019-03-03 15:58:15,384 - BasePage - INFO - 输入内容：老魔王闲来无事来发帖，进来的都是精英成功
2019-03-03 15:58:16,961 - BasePage - INFO - 点击成功
2019-03-03 15:58:17,112 - BasePage - INFO - 输入内容：沙发糖果都是俺的成功
2019-03-03 15:58:37,434 - BasePage - INFO - 点击成功
2019-03-03 15:58:37,732 - BasePage - INFO - 点击成功
2019-03-03 15:58:39,889 - BrowserEngine - INFO - 你选择了Chrome浏览器
2019-03-03 15:58:39,889 - BrowserEngine - INFO - 测试URL是:http://127.0.0.1/forum.php
2019-03-03 15:58:43,419 - BrowserEngine - INFO - 启动谷歌浏览器
2019-03-03 15:58:48,333 - BrowserEngine - INFO - 打开：http://127.0.0.1/forum.php
2019-03-03 15:58:49,607 - BrowserEngine - INFO - 窗口最大化
2019-03-03 15:58:49,609 - BrowserEngine - INFO - 等待10秒
2019-03-03 15:58:49,751 - BasePage - INFO - 输入内容：1793141568成功
2019-03-03 15:58:49,872 - BasePage - INFO - 输入内容：zrt++19980928成功
2019-03-03 15:58:49,999 - BasePage - INFO - 点击成功
2019-03-03 15:58:52,134 - BasePage - INFO - 输入内容：haotest成功
2019-03-03 15:58:52,247 - BasePage - INFO - 点击成功
2019-03-03 15:58:55,404 - BasePage - INFO - 点击成功
2019-03-03 15:59:02,720 - BrowserEngine - INFO - 你选择了Chrome浏览器
2019-03-03 15:59:02,720 - BrowserEngine - INFO - 测试URL是:http://127.0.0.1/forum.php
2019-03-03 15:59:05,708 - BrowserEngine - INFO - 启动谷歌浏览器
2019-03-03 15:59:07,986 - BrowserEngine - INFO - 打开：http://127.0.0.1/forum.php
2019-03-03 15:59:09,110 - BrowserEngine - INFO - 窗口最大化
2019-03-03 15:59:09,112 - BrowserEngine - INFO - 等待10秒
2019-03-03 15:59:09,225 - BasePage - INFO - 输入内容：admin成功
2019-03-03 15:59:09,318 - BasePage - INFO - 输入内容：123456成功
2019-03-03 15:59:09,403 - BasePage - INFO - 点击成功
2019-03-03 15:59:11,754 - BasePage - INFO - 点击成功
2019-03-03 15:59:13,826 - BasePage - INFO - 悬停成功
2019-03-03 15:59:14,438 - BasePage - INFO - 点击成功
2019-03-03 15:59:17,606 - BasePage - INFO - 输入内容：大家的表情成功
2019-03-03 15:59:17,697 - BasePage - INFO - 输入内容：笑成功
2019-03-03 15:59:17,778 - BasePage - INFO - 输入内容：哭成功
2019-03-03 15:59:17,868 - BasePage - INFO - 输入内容：酷成功
2019-03-03 15:59:18,009 - BasePage - INFO - 点击成功
2019-03-03 15:59:27,026 - BasePage - ERROR - <pageobjects.forum4_homepage.HomePage object at 0x00000280C256B400>页面中没有找到('css selector', 'tbody  input#option_1')元素
2019-03-03 15:59:27,027 - BasePage - ERROR - 点击异常--'NoneType' object has no attribute 'click'
